mode: set
github.com/changmin/c4-core/cmd/c4/add_task.go:30.13,38.2 7 1
github.com/changmin/c4-core/cmd/c4/add_task.go:52.58,54.16 2 1
github.com/changmin/c4-core/cmd/c4/add_task.go:54.16,56.3 1 0
github.com/changmin/c4-core/cmd/c4/add_task.go:57.2,60.45 2 1
github.com/changmin/c4-core/cmd/c4/add_task.go:60.45,62.3 1 0
github.com/changmin/c4-core/cmd/c4/add_task.go:65.2,66.16 2 1
github.com/changmin/c4-core/cmd/c4/add_task.go:66.16,68.3 1 0
github.com/changmin/c4-core/cmd/c4/add_task.go:71.2,72.15 2 1
github.com/changmin/c4-core/cmd/c4/add_task.go:72.15,74.3 1 1
github.com/changmin/c4-core/cmd/c4/add_task.go:75.2,88.16 3 1
github.com/changmin/c4-core/cmd/c4/add_task.go:88.16,90.3 1 0
github.com/changmin/c4-core/cmd/c4/add_task.go:92.2,93.86 2 1
github.com/changmin/c4-core/cmd/c4/add_task.go:93.86,95.3 1 0
github.com/changmin/c4-core/cmd/c4/add_task.go:96.2,100.12 4 1
github.com/changmin/c4-core/cmd/c4/add_task.go:100.12,107.3 2 1
github.com/changmin/c4-core/cmd/c4/add_task.go:107.8,114.3 2 0
github.com/changmin/c4-core/cmd/c4/add_task.go:116.2,117.16 2 1
github.com/changmin/c4-core/cmd/c4/add_task.go:117.16,119.3 1 0
github.com/changmin/c4-core/cmd/c4/add_task.go:121.2,123.19 3 1
github.com/changmin/c4-core/cmd/c4/add_task.go:123.19,125.3 1 1
github.com/changmin/c4-core/cmd/c4/add_task.go:126.2,127.26 2 1
github.com/changmin/c4-core/cmd/c4/add_task.go:127.26,129.3 1 0
github.com/changmin/c4-core/cmd/c4/add_task.go:131.2,131.12 1 1
github.com/changmin/c4-core/cmd/c4/add_task.go:135.41,152.16 2 1
github.com/changmin/c4-core/cmd/c4/add_task.go:152.16,154.3 1 0
github.com/changmin/c4-core/cmd/c4/add_task.go:155.2,155.12 1 1
github.com/changmin/c4-core/cmd/c4/add_task.go:158.67,160.16 2 1
github.com/changmin/c4-core/cmd/c4/add_task.go:160.16,162.3 1 0
github.com/changmin/c4-core/cmd/c4/add_task.go:163.2,165.18 2 1
github.com/changmin/c4-core/cmd/c4/add_task.go:165.18,174.86 2 1
github.com/changmin/c4-core/cmd/c4/add_task.go:174.86,176.4 1 0
github.com/changmin/c4-core/cmd/c4/add_task.go:177.3,177.21 1 1
github.com/changmin/c4-core/cmd/c4/add_task.go:177.21,179.4 1 1
github.com/changmin/c4-core/cmd/c4/add_task.go:181.2,181.26 1 0
github.com/changmin/c4-core/cmd/c4/add_task.go:185.45,190.16 3 1
github.com/changmin/c4-core/cmd/c4/add_task.go:190.16,193.3 1 0
github.com/changmin/c4-core/cmd/c4/add_task.go:194.2,194.47 1 1
github.com/changmin/c4-core/cmd/c4/auth.go:21.45,22.14 1 0
github.com/changmin/c4-core/cmd/c4/auth.go:23.16,24.41 1 0
github.com/changmin/c4-core/cmd/c4/auth.go:25.14,26.42 1 0
github.com/changmin/c4-core/cmd/c4/auth.go:27.10,28.32 1 0
github.com/changmin/c4-core/cmd/c4/auth.go:99.13,111.2 11 1
github.com/changmin/c4-core/cmd/c4/auth.go:117.49,119.23 2 0
github.com/changmin/c4-core/cmd/c4/auth.go:119.23,121.3 1 0
github.com/changmin/c4-core/cmd/c4/auth.go:122.2,122.23 1 0
github.com/changmin/c4-core/cmd/c4/auth.go:122.23,124.3 1 0
github.com/changmin/c4-core/cmd/c4/auth.go:125.2,126.19 2 0
github.com/changmin/c4-core/cmd/c4/auth.go:126.19,128.3 1 0
github.com/changmin/c4-core/cmd/c4/auth.go:129.2,129.19 1 0
github.com/changmin/c4-core/cmd/c4/auth.go:129.19,131.3 1 0
github.com/changmin/c4-core/cmd/c4/auth.go:133.2,133.23 1 0
github.com/changmin/c4-core/cmd/c4/auth.go:133.23,135.3 1 0
github.com/changmin/c4-core/cmd/c4/auth.go:136.2,136.19 1 0
github.com/changmin/c4-core/cmd/c4/auth.go:136.19,138.3 1 0
github.com/changmin/c4-core/cmd/c4/auth.go:140.2,140.55 1 0
github.com/changmin/c4-core/cmd/c4/auth.go:143.60,146.16 2 0
github.com/changmin/c4-core/cmd/c4/auth.go:146.16,147.58 1 0
github.com/changmin/c4-core/cmd/c4/auth.go:147.58,149.4 1 0
github.com/changmin/c4-core/cmd/c4/auth.go:150.3,150.56 1 0
github.com/changmin/c4-core/cmd/c4/auth.go:150.56,152.4 1 0
github.com/changmin/c4-core/cmd/c4/auth.go:155.2,155.26 1 0
github.com/changmin/c4-core/cmd/c4/auth.go:155.26,157.3 1 0
github.com/changmin/c4-core/cmd/c4/auth.go:159.2,160.16 2 0
github.com/changmin/c4-core/cmd/c4/auth.go:160.16,162.3 1 0
github.com/changmin/c4-core/cmd/c4/auth.go:163.2,163.16 1 0
github.com/changmin/c4-core/cmd/c4/auth.go:163.16,164.70 1 0
github.com/changmin/c4-core/cmd/c4/auth.go:164.70,166.4 1 0
github.com/changmin/c4-core/cmd/c4/auth.go:168.2,168.49 1 0
github.com/changmin/c4-core/cmd/c4/auth.go:168.49,170.3 1 0
github.com/changmin/c4-core/cmd/c4/auth.go:173.2,174.15 2 0
github.com/changmin/c4-core/cmd/c4/auth.go:174.15,176.3 1 0
github.com/changmin/c4-core/cmd/c4/auth.go:177.2,177.12 1 0
github.com/changmin/c4-core/cmd/c4/auth.go:181.68,183.18 2 1
github.com/changmin/c4-core/cmd/c4/auth.go:183.18,185.3 1 1
github.com/changmin/c4-core/cmd/c4/auth.go:187.2,188.23 2 0
github.com/changmin/c4-core/cmd/c4/auth.go:188.23,190.3 1 0
github.com/changmin/c4-core/cmd/c4/auth.go:191.2,191.23 1 0
github.com/changmin/c4-core/cmd/c4/auth.go:191.23,193.3 1 0
github.com/changmin/c4-core/cmd/c4/auth.go:195.2,203.14 5 0
github.com/changmin/c4-core/cmd/c4/auth.go:203.14,205.3 1 0
github.com/changmin/c4-core/cmd/c4/auth.go:205.8,207.3 1 0
github.com/changmin/c4-core/cmd/c4/auth.go:208.2,208.16 1 0
github.com/changmin/c4-core/cmd/c4/auth.go:208.16,209.47 1 0
github.com/changmin/c4-core/cmd/c4/auth.go:209.47,211.4 1 0
github.com/changmin/c4-core/cmd/c4/auth.go:212.3,212.13 1 0
github.com/changmin/c4-core/cmd/c4/auth.go:215.2,216.16 2 0
github.com/changmin/c4-core/cmd/c4/auth.go:216.16,218.3 1 0
github.com/changmin/c4-core/cmd/c4/auth.go:219.2,219.62 1 0
github.com/changmin/c4-core/cmd/c4/auth.go:219.62,221.3 1 0
github.com/changmin/c4-core/cmd/c4/auth.go:223.2,227.15 3 0
github.com/changmin/c4-core/cmd/c4/auth.go:227.15,229.3 1 0
github.com/changmin/c4-core/cmd/c4/auth.go:230.2,230.12 1 0
github.com/changmin/c4-core/cmd/c4/auth.go:234.29,237.16 3 1
github.com/changmin/c4-core/cmd/c4/auth.go:237.16,239.3 1 1
github.com/changmin/c4-core/cmd/c4/auth.go:240.2,240.54 1 1
github.com/changmin/c4-core/cmd/c4/auth.go:256.53,259.23 2 1
github.com/changmin/c4-core/cmd/c4/auth.go:259.23,261.3 1 1
github.com/changmin/c4-core/cmd/c4/auth.go:262.2,262.23 1 1
github.com/changmin/c4-core/cmd/c4/auth.go:262.23,264.3 1 1
github.com/changmin/c4-core/cmd/c4/auth.go:267.2,267.23 1 1
github.com/changmin/c4-core/cmd/c4/auth.go:267.23,269.3 1 1
github.com/changmin/c4-core/cmd/c4/auth.go:272.2,274.88 3 1
github.com/changmin/c4-core/cmd/c4/auth.go:274.88,276.3 1 1
github.com/changmin/c4-core/cmd/c4/auth.go:279.2,284.13 4 1
github.com/changmin/c4-core/cmd/c4/auth.go:284.13,285.15 1 1
github.com/changmin/c4-core/cmd/c4/auth.go:285.15,287.4 1 0
github.com/changmin/c4-core/cmd/c4/auth.go:288.3,288.13 1 1
github.com/changmin/c4-core/cmd/c4/auth.go:288.13,290.4 1 1
github.com/changmin/c4-core/cmd/c4/auth.go:290.9,292.4 1 1
github.com/changmin/c4-core/cmd/c4/auth.go:293.3,294.22 2 1
github.com/changmin/c4-core/cmd/c4/auth.go:294.22,296.4 1 1
github.com/changmin/c4-core/cmd/c4/auth.go:297.3,298.17 2 1
github.com/changmin/c4-core/cmd/c4/auth.go:299.19,300.14 1 1
github.com/changmin/c4-core/cmd/c4/auth.go:300.14,302.5 1 1
github.com/changmin/c4-core/cmd/c4/auth.go:303.22,304.15 1 1
github.com/changmin/c4-core/cmd/c4/auth.go:304.15,307.5 2 1
github.com/changmin/c4-core/cmd/c4/auth.go:308.4,308.19 1 1
github.com/changmin/c4-core/cmd/c4/auth.go:309.11,310.16 1 1
github.com/changmin/c4-core/cmd/c4/auth.go:312.8,313.13 1 1
github.com/changmin/c4-core/cmd/c4/auth.go:313.13,315.4 1 1
github.com/changmin/c4-core/cmd/c4/auth.go:318.2,318.44 1 1
github.com/changmin/c4-core/cmd/c4/auth.go:318.44,321.3 2 0
github.com/changmin/c4-core/cmd/c4/auth.go:322.2,322.13 1 1
github.com/changmin/c4-core/cmd/c4/auth.go:325.61,327.16 2 0
github.com/changmin/c4-core/cmd/c4/auth.go:327.16,329.3 1 0
github.com/changmin/c4-core/cmd/c4/auth.go:331.2,331.40 1 0
github.com/changmin/c4-core/cmd/c4/auth.go:331.40,333.3 1 0
github.com/changmin/c4-core/cmd/c4/auth.go:335.2,336.12 2 0
github.com/changmin/c4-core/cmd/c4/auth.go:339.61,341.16 2 0
github.com/changmin/c4-core/cmd/c4/auth.go:341.16,343.3 1 0
github.com/changmin/c4-core/cmd/c4/auth.go:345.2,346.16 2 0
github.com/changmin/c4-core/cmd/c4/auth.go:346.16,348.3 1 0
github.com/changmin/c4-core/cmd/c4/auth.go:350.2,350.20 1 0
github.com/changmin/c4-core/cmd/c4/auth.go:350.20,354.3 3 0
github.com/changmin/c4-core/cmd/c4/auth.go:356.2,363.13 6 0
github.com/changmin/c4-core/cmd/c4/auth.go:363.13,366.3 2 0
github.com/changmin/c4-core/cmd/c4/auth.go:366.8,369.3 2 0
github.com/changmin/c4-core/cmd/c4/auth.go:371.2,371.12 1 0
github.com/changmin/c4-core/cmd/c4/auth.go:374.62,376.16 2 0
github.com/changmin/c4-core/cmd/c4/auth.go:376.16,378.3 1 0
github.com/changmin/c4-core/cmd/c4/auth.go:379.2,380.16 2 0
github.com/changmin/c4-core/cmd/c4/auth.go:380.16,382.3 1 0
github.com/changmin/c4-core/cmd/c4/auth.go:383.2,386.12 4 0
github.com/changmin/c4-core/cmd/c4/auth.go:389.60,392.82 2 0
github.com/changmin/c4-core/cmd/c4/auth.go:392.82,394.3 1 0
github.com/changmin/c4-core/cmd/c4/auth.go:394.8,396.17 2 0
github.com/changmin/c4-core/cmd/c4/auth.go:396.17,398.4 1 0
github.com/changmin/c4-core/cmd/c4/auth.go:399.3,399.40 1 0
github.com/changmin/c4-core/cmd/c4/auth.go:402.2,402.15 1 0
github.com/changmin/c4-core/cmd/c4/auth.go:402.15,404.3 1 0
github.com/changmin/c4-core/cmd/c4/auth.go:406.2,407.62 2 0
github.com/changmin/c4-core/cmd/c4/auth.go:407.62,409.3 1 0
github.com/changmin/c4-core/cmd/c4/auth.go:410.2,410.31 1 0
github.com/changmin/c4-core/cmd/c4/auth.go:410.31,412.3 1 0
github.com/changmin/c4-core/cmd/c4/auth.go:414.2,415.16 2 0
github.com/changmin/c4-core/cmd/c4/auth.go:415.16,417.3 1 0
github.com/changmin/c4-core/cmd/c4/auth.go:418.2,418.59 1 0
github.com/changmin/c4-core/cmd/c4/auth.go:418.59,420.3 1 0
github.com/changmin/c4-core/cmd/c4/auth.go:422.2,425.12 4 0
github.com/changmin/c4-core/cmd/c4/auth.go:433.56,435.54 2 1
github.com/changmin/c4-core/cmd/c4/auth.go:435.54,439.3 1 1
github.com/changmin/c4-core/cmd/c4/auth.go:441.2,444.54 3 1
github.com/changmin/c4-core/cmd/c4/auth.go:444.54,446.3 1 1
github.com/changmin/c4-core/cmd/c4/auth.go:449.2,450.64 2 1
github.com/changmin/c4-core/cmd/c4/auth.go:450.64,452.3 1 1
github.com/changmin/c4-core/cmd/c4/auth.go:454.2,455.69 2 1
github.com/changmin/c4-core/cmd/c4/auth.go:455.69,457.3 1 1
github.com/changmin/c4-core/cmd/c4/auth.go:460.2,468.71 3 1
github.com/changmin/c4-core/cmd/c4/auth.go:468.71,472.3 2 0
github.com/changmin/c4-core/cmd/c4/auth.go:474.2,474.21 1 1
github.com/changmin/c4-core/cmd/c4/auth.go:480.49,483.29 3 1
github.com/changmin/c4-core/cmd/c4/auth.go:483.29,485.26 2 1
github.com/changmin/c4-core/cmd/c4/auth.go:485.26,487.12 2 1
github.com/changmin/c4-core/cmd/c4/auth.go:489.3,489.14 1 1
github.com/changmin/c4-core/cmd/c4/auth.go:489.14,492.69 1 1
github.com/changmin/c4-core/cmd/c4/auth.go:492.69,493.10 1 0
github.com/changmin/c4-core/cmd/c4/auth.go:495.4,495.100 1 1
github.com/changmin/c4-core/cmd/c4/auth.go:495.100,498.5 2 1
github.com/changmin/c4-core/cmd/c4/auth.go:501.2,501.11 1 1
github.com/changmin/c4-core/cmd/c4/auth.go:506.81,512.29 4 1
github.com/changmin/c4-core/cmd/c4/auth.go:512.29,513.42 1 1
github.com/changmin/c4-core/cmd/c4/auth.go:513.42,515.12 2 1
github.com/changmin/c4-core/cmd/c4/auth.go:517.3,517.38 1 1
github.com/changmin/c4-core/cmd/c4/auth.go:517.38,519.56 2 1
github.com/changmin/c4-core/cmd/c4/auth.go:519.56,520.13 1 1
github.com/changmin/c4-core/cmd/c4/auth.go:522.4,522.71 1 1
github.com/changmin/c4-core/cmd/c4/auth.go:522.71,524.10 2 0
github.com/changmin/c4-core/cmd/c4/auth.go:528.2,528.37 1 1
github.com/changmin/c4-core/cmd/c4/auth.go:528.37,530.3 1 1
github.com/changmin/c4-core/cmd/c4/auth.go:532.2,532.21 1 1
github.com/changmin/c4-core/cmd/c4/auth.go:532.21,535.29 2 1
github.com/changmin/c4-core/cmd/c4/auth.go:535.29,537.4 1 1
github.com/changmin/c4-core/cmd/c4/auth.go:539.3,539.46 1 1
github.com/changmin/c4-core/cmd/c4/auth.go:539.46,541.36 2 1
github.com/changmin/c4-core/cmd/c4/auth.go:541.36,542.101 1 1
github.com/changmin/c4-core/cmd/c4/auth.go:542.101,545.11 3 1
github.com/changmin/c4-core/cmd/c4/auth.go:551.3,551.25 1 1
github.com/changmin/c4-core/cmd/c4/auth.go:551.25,554.75 2 1
github.com/changmin/c4-core/cmd/c4/auth.go:554.75,555.38 1 1
github.com/changmin/c4-core/cmd/c4/auth.go:555.38,557.6 1 1
github.com/changmin/c4-core/cmd/c4/auth.go:559.4,563.20 5 1
github.com/changmin/c4-core/cmd/c4/auth.go:566.3,566.35 1 1
github.com/changmin/c4-core/cmd/c4/auth.go:570.2,572.58 3 1
github.com/changmin/c4-core/cmd/c4/auth.go:572.58,574.3 1 0
github.com/changmin/c4-core/cmd/c4/auth.go:575.2,576.73 2 1
github.com/changmin/c4-core/cmd/c4/auth.go:576.73,577.34 1 1
github.com/changmin/c4-core/cmd/c4/auth.go:577.34,579.4 1 1
github.com/changmin/c4-core/cmd/c4/auth.go:581.2,581.20 1 1
github.com/changmin/c4-core/cmd/c4/cloud.go:51.13,56.2 4 1
github.com/changmin/c4-core/cmd/c4/cloud.go:58.63,60.16 2 1
github.com/changmin/c4-core/cmd/c4/cloud.go:60.16,62.3 1 0
github.com/changmin/c4-core/cmd/c4/cloud.go:63.2,64.16 2 1
github.com/changmin/c4-core/cmd/c4/cloud.go:64.16,66.3 1 0
github.com/changmin/c4-core/cmd/c4/cloud.go:67.2,68.12 2 1
github.com/changmin/c4-core/cmd/c4/cloud.go:71.63,73.30 2 1
github.com/changmin/c4-core/cmd/c4/cloud.go:73.30,75.3 1 1
github.com/changmin/c4-core/cmd/c4/cloud.go:77.2,78.64 2 1
github.com/changmin/c4-core/cmd/c4/cloud.go:78.64,80.3 1 0
github.com/changmin/c4-core/cmd/c4/cloud.go:82.2,83.12 2 1
github.com/changmin/c4-core/cmd/c4/cloud.go:86.41,87.36 1 1
github.com/changmin/c4-core/cmd/c4/cloud.go:87.36,88.16 1 1
github.com/changmin/c4-core/cmd/c4/cloud.go:88.16,90.4 1 1
github.com/changmin/c4-core/cmd/c4/cloud.go:92.2,92.14 1 1
github.com/changmin/c4-core/cmd/c4/cloud.go:97.59,99.54 2 1
github.com/changmin/c4-core/cmd/c4/cloud.go:99.54,101.3 1 1
github.com/changmin/c4-core/cmd/c4/cloud.go:103.2,111.29 6 1
github.com/changmin/c4-core/cmd/c4/cloud.go:111.29,112.42 1 1
github.com/changmin/c4-core/cmd/c4/cloud.go:112.42,114.12 2 1
github.com/changmin/c4-core/cmd/c4/cloud.go:116.3,116.38 1 1
github.com/changmin/c4-core/cmd/c4/cloud.go:116.38,119.56 2 1
github.com/changmin/c4-core/cmd/c4/cloud.go:119.56,120.13 1 1
github.com/changmin/c4-core/cmd/c4/cloud.go:122.4,122.71 1 1
github.com/changmin/c4-core/cmd/c4/cloud.go:122.71,124.10 2 0
github.com/changmin/c4-core/cmd/c4/cloud.go:128.2,128.37 1 1
github.com/changmin/c4-core/cmd/c4/cloud.go:128.37,130.3 1 1
github.com/changmin/c4-core/cmd/c4/cloud.go:133.2,134.21 2 1
github.com/changmin/c4-core/cmd/c4/cloud.go:134.21,135.46 1 1
github.com/changmin/c4-core/cmd/c4/cloud.go:135.46,136.44 1 1
github.com/changmin/c4-core/cmd/c4/cloud.go:136.44,138.10 2 1
github.com/changmin/c4-core/cmd/c4/cloud.go:143.2,143.22 1 1
github.com/changmin/c4-core/cmd/c4/cloud.go:143.22,147.3 2 1
github.com/changmin/c4-core/cmd/c4/cloud.go:149.2,149.21 1 1
github.com/changmin/c4-core/cmd/c4/cloud.go:149.21,156.3 5 1
github.com/changmin/c4-core/cmd/c4/cloud.go:159.2,159.58 1 1
github.com/changmin/c4-core/cmd/c4/cloud.go:159.58,161.3 1 0
github.com/changmin/c4-core/cmd/c4/cloud.go:162.2,163.57 2 1
github.com/changmin/c4-core/cmd/c4/cloud.go:169.75,170.29 1 1
github.com/changmin/c4-core/cmd/c4/cloud.go:170.29,172.3 1 1
github.com/changmin/c4-core/cmd/c4/cloud.go:173.2,173.44 1 1
github.com/changmin/c4-core/cmd/c4/daemon.go:53.13,62.2 6 1
github.com/changmin/c4-core/cmd/c4/daemon.go:64.57,66.28 1 0
github.com/changmin/c4-core/cmd/c4/daemon.go:66.28,69.3 2 0
github.com/changmin/c4-core/cmd/c4/daemon.go:72.2,73.19 2 0
github.com/changmin/c4-core/cmd/c4/daemon.go:73.19,75.17 2 0
github.com/changmin/c4-core/cmd/c4/daemon.go:75.17,77.4 1 0
github.com/changmin/c4-core/cmd/c4/daemon.go:78.3,78.49 1 0
github.com/changmin/c4-core/cmd/c4/daemon.go:81.2,81.51 1 0
github.com/changmin/c4-core/cmd/c4/daemon.go:81.51,83.3 1 0
github.com/changmin/c4-core/cmd/c4/daemon.go:86.2,87.48 2 0
github.com/changmin/c4-core/cmd/c4/daemon.go:87.48,89.3 1 0
github.com/changmin/c4-core/cmd/c4/daemon.go:90.2,95.16 4 0
github.com/changmin/c4-core/cmd/c4/daemon.go:95.16,97.3 1 0
github.com/changmin/c4-core/cmd/c4/daemon.go:98.2,134.12 13 0
github.com/changmin/c4-core/cmd/c4/daemon.go:134.12,135.10 1 0
github.com/changmin/c4-core/cmd/c4/daemon.go:136.16,137.69 1 0
github.com/changmin/c4-core/cmd/c4/daemon.go:138.21,139.69 1 0
github.com/changmin/c4-core/cmd/c4/daemon.go:141.3,143.35 3 0
github.com/changmin/c4-core/cmd/c4/daemon.go:147.2,148.18 2 0
github.com/changmin/c4-core/cmd/c4/daemon.go:148.18,150.3 1 0
github.com/changmin/c4-core/cmd/c4/daemon.go:151.2,153.69 2 0
github.com/changmin/c4-core/cmd/c4/daemon.go:153.69,155.3 1 0
github.com/changmin/c4-core/cmd/c4/daemon.go:157.2,158.12 2 0
github.com/changmin/c4-core/cmd/c4/daemon.go:161.61,164.16 3 0
github.com/changmin/c4-core/cmd/c4/daemon.go:164.16,166.3 1 0
github.com/changmin/c4-core/cmd/c4/daemon.go:167.2,169.28 2 0
github.com/changmin/c4-core/cmd/c4/daemon.go:169.28,171.3 1 0
github.com/changmin/c4-core/cmd/c4/daemon.go:171.8,173.3 1 0
github.com/changmin/c4-core/cmd/c4/daemon.go:174.2,174.12 1 0
github.com/changmin/c4-core/cmd/c4/daemon.go:178.43,180.51 1 1
github.com/changmin/c4-core/cmd/c4/daemon.go:180.51,182.17 2 1
github.com/changmin/c4-core/cmd/c4/daemon.go:182.17,185.18 2 1
github.com/changmin/c4-core/cmd/c4/daemon.go:185.18,186.58 1 1
github.com/changmin/c4-core/cmd/c4/daemon.go:186.58,188.6 1 0
github.com/changmin/c4-core/cmd/c4/daemon.go:192.3,192.21 1 1
github.com/changmin/c4-core/cmd/c4/daemon.go:196.2,196.71 1 1
github.com/changmin/c4-core/cmd/c4/doctor.go:54.13,58.78 3 1
github.com/changmin/c4-core/cmd/c4/doctor.go:58.78,58.92 1 0
github.com/changmin/c4-core/cmd/c4/doctor.go:59.2,59.31 1 1
github.com/changmin/c4-core/cmd/c4/doctor.go:62.57,64.22 1 0
github.com/changmin/c4-core/cmd/c4/doctor.go:64.22,67.17 3 0
github.com/changmin/c4-core/cmd/c4/doctor.go:67.17,69.4 1 0
github.com/changmin/c4-core/cmd/c4/doctor.go:71.2,71.54 1 0
github.com/changmin/c4-core/cmd/c4/doctor.go:71.54,73.3 1 0
github.com/changmin/c4-core/cmd/c4/doctor.go:74.2,83.22 1 0
github.com/changmin/c4-core/cmd/c4/doctor.go:83.22,83.58 1 0
github.com/changmin/c4-core/cmd/c4/doctor.go:86.2,87.28 2 0
github.com/changmin/c4-core/cmd/c4/doctor.go:87.28,89.68 2 0
github.com/changmin/c4-core/cmd/c4/doctor.go:89.68,91.19 2 0
github.com/changmin/c4-core/cmd/c4/doctor.go:91.19,94.5 2 0
github.com/changmin/c4-core/cmd/c4/doctor.go:96.3,96.31 1 0
github.com/changmin/c4-core/cmd/c4/doctor.go:99.2,99.16 1 0
github.com/changmin/c4-core/cmd/c4/doctor.go:99.16,101.3 1 0
github.com/changmin/c4-core/cmd/c4/doctor.go:102.2,103.12 2 0
github.com/changmin/c4-core/cmd/c4/doctor.go:107.51,111.2 3 1
github.com/changmin/c4-core/cmd/c4/doctor.go:114.46,117.28 3 1
github.com/changmin/c4-core/cmd/c4/doctor.go:117.28,119.19 2 1
github.com/changmin/c4-core/cmd/c4/doctor.go:120.18,122.15 2 1
github.com/changmin/c4-core/cmd/c4/doctor.go:123.18,125.15 2 1
github.com/changmin/c4-core/cmd/c4/doctor.go:127.3,128.18 2 1
github.com/changmin/c4-core/cmd/c4/doctor.go:128.18,130.4 1 1
github.com/changmin/c4-core/cmd/c4/doctor.go:132.2,133.38 2 1
github.com/changmin/c4-core/cmd/c4/doctor.go:133.38,135.3 1 1
github.com/changmin/c4-core/cmd/c4/doctor.go:135.8,137.3 1 1
github.com/changmin/c4-core/cmd/c4/doctor.go:141.32,143.16 2 1
github.com/changmin/c4-core/cmd/c4/doctor.go:143.16,150.3 1 1
github.com/changmin/c4-core/cmd/c4/doctor.go:151.2,152.16 2 0
github.com/changmin/c4-core/cmd/c4/doctor.go:152.16,158.3 1 0
github.com/changmin/c4-core/cmd/c4/doctor.go:159.2,164.3 2 0
github.com/changmin/c4-core/cmd/c4/doctor.go:168.31,170.48 2 1
github.com/changmin/c4-core/cmd/c4/doctor.go:170.48,177.3 1 1
github.com/changmin/c4-core/cmd/c4/doctor.go:180.2,181.50 2 1
github.com/changmin/c4-core/cmd/c4/doctor.go:181.50,182.59 1 1
github.com/changmin/c4-core/cmd/c4/doctor.go:182.59,184.9 2 1
github.com/changmin/c4-core/cmd/c4/doctor.go:187.2,187.12 1 1
github.com/changmin/c4-core/cmd/c4/doctor.go:187.12,194.3 1 1
github.com/changmin/c4-core/cmd/c4/doctor.go:196.2,197.70 2 1
github.com/changmin/c4-core/cmd/c4/doctor.go:197.70,199.3 1 1
github.com/changmin/c4-core/cmd/c4/doctor.go:200.2,204.3 1 1
github.com/changmin/c4-core/cmd/c4/doctor.go:208.33,211.16 3 1
github.com/changmin/c4-core/cmd/c4/doctor.go:211.16,218.3 1 1
github.com/changmin/c4-core/cmd/c4/doctor.go:220.2,221.51 2 1
github.com/changmin/c4-core/cmd/c4/doctor.go:221.51,228.3 1 0
github.com/changmin/c4-core/cmd/c4/doctor.go:231.2,232.19 2 1
github.com/changmin/c4-core/cmd/c4/doctor.go:232.19,238.3 1 0
github.com/changmin/c4-core/cmd/c4/doctor.go:239.2,239.52 1 1
github.com/changmin/c4-core/cmd/c4/doctor.go:239.52,246.3 1 0
github.com/changmin/c4-core/cmd/c4/doctor.go:247.2,251.3 1 1
github.com/changmin/c4-core/cmd/c4/doctor.go:255.62,257.9 2 1
github.com/changmin/c4-core/cmd/c4/doctor.go:257.9,259.3 1 1
github.com/changmin/c4-core/cmd/c4/doctor.go:260.2,260.28 1 1
github.com/changmin/c4-core/cmd/c4/doctor.go:260.28,262.10 2 1
github.com/changmin/c4-core/cmd/c4/doctor.go:262.10,263.12 1 0
github.com/changmin/c4-core/cmd/c4/doctor.go:265.3,266.34 2 1
github.com/changmin/c4-core/cmd/c4/doctor.go:266.34,268.4 1 1
github.com/changmin/c4-core/cmd/c4/doctor.go:270.3,270.67 1 1
github.com/changmin/c4-core/cmd/c4/doctor.go:270.67,271.66 1 1
github.com/changmin/c4-core/cmd/c4/doctor.go:271.66,273.5 1 1
github.com/changmin/c4-core/cmd/c4/doctor.go:276.2,276.11 1 1
github.com/changmin/c4-core/cmd/c4/doctor.go:280.41,283.24 3 1
github.com/changmin/c4-core/cmd/c4/doctor.go:283.24,290.3 1 0
github.com/changmin/c4-core/cmd/c4/doctor.go:291.2,291.16 1 1
github.com/changmin/c4-core/cmd/c4/doctor.go:291.16,297.3 1 0
github.com/changmin/c4-core/cmd/c4/doctor.go:298.2,298.35 1 1
github.com/changmin/c4-core/cmd/c4/doctor.go:298.35,300.17 2 1
github.com/changmin/c4-core/cmd/c4/doctor.go:300.17,307.4 1 0
github.com/changmin/c4-core/cmd/c4/doctor.go:309.3,309.56 1 1
github.com/changmin/c4-core/cmd/c4/doctor.go:309.56,316.4 1 1
github.com/changmin/c4-core/cmd/c4/doctor.go:317.3,321.4 1 1
github.com/changmin/c4-core/cmd/c4/doctor.go:323.2,327.3 1 1
github.com/changmin/c4-core/cmd/c4/doctor.go:331.31,335.57 3 1
github.com/changmin/c4-core/cmd/c4/doctor.go:335.57,342.3 1 1
github.com/changmin/c4-core/cmd/c4/doctor.go:345.2,345.52 1 1
github.com/changmin/c4-core/cmd/c4/doctor.go:345.52,352.3 1 1
github.com/changmin/c4-core/cmd/c4/doctor.go:354.2,354.57 1 1
github.com/changmin/c4-core/cmd/c4/doctor.go:354.57,361.3 1 1
github.com/changmin/c4-core/cmd/c4/doctor.go:362.2,362.62 1 1
github.com/changmin/c4-core/cmd/c4/doctor.go:362.62,369.3 1 0
github.com/changmin/c4-core/cmd/c4/doctor.go:371.2,373.16 3 1
github.com/changmin/c4-core/cmd/c4/doctor.go:373.16,380.3 1 1
github.com/changmin/c4-core/cmd/c4/doctor.go:381.2,382.50 2 1
github.com/changmin/c4-core/cmd/c4/doctor.go:382.50,389.3 1 0
github.com/changmin/c4-core/cmd/c4/doctor.go:390.2,390.65 1 1
github.com/changmin/c4-core/cmd/c4/doctor.go:390.65,397.3 1 0
github.com/changmin/c4-core/cmd/c4/doctor.go:398.2,402.3 1 1
github.com/changmin/c4-core/cmd/c4/doctor.go:406.39,408.16 2 1
github.com/changmin/c4-core/cmd/c4/doctor.go:408.16,415.3 1 1
github.com/changmin/c4-core/cmd/c4/doctor.go:418.2,422.4 2 1
github.com/changmin/c4-core/cmd/c4/doctor.go:422.4,423.39 1 1
github.com/changmin/c4-core/cmd/c4/doctor.go:423.39,425.9 2 1
github.com/changmin/c4-core/cmd/c4/doctor.go:428.2,428.17 1 1
github.com/changmin/c4-core/cmd/c4/doctor.go:428.17,434.3 1 1
github.com/changmin/c4-core/cmd/c4/doctor.go:436.2,440.3 1 1
github.com/changmin/c4-core/cmd/c4/doctor.go:444.29,447.16 3 1
github.com/changmin/c4-core/cmd/c4/doctor.go:447.16,453.3 1 1
github.com/changmin/c4-core/cmd/c4/doctor.go:455.2,458.28 2 1
github.com/changmin/c4-core/cmd/c4/doctor.go:458.28,464.3 1 1
github.com/changmin/c4-core/cmd/c4/doctor.go:466.2,467.15 2 1
github.com/changmin/c4-core/cmd/c4/doctor.go:467.15,473.3 1 1
github.com/changmin/c4-core/cmd/c4/doctor.go:475.2,478.16 4 1
github.com/changmin/c4-core/cmd/c4/doctor.go:478.16,485.3 1 1
github.com/changmin/c4-core/cmd/c4/doctor.go:486.2,487.53 2 1
github.com/changmin/c4-core/cmd/c4/doctor.go:487.53,493.3 1 1
github.com/changmin/c4-core/cmd/c4/doctor.go:494.2,498.3 1 1
github.com/changmin/c4-core/cmd/c4/doctor.go:502.34,505.16 3 1
github.com/changmin/c4-core/cmd/c4/doctor.go:505.16,507.31 1 1
github.com/changmin/c4-core/cmd/c4/doctor.go:507.31,513.4 1 1
github.com/changmin/c4-core/cmd/c4/doctor.go:514.3,514.18 1 1
github.com/changmin/c4-core/cmd/c4/doctor.go:517.2,518.23 2 1
github.com/changmin/c4-core/cmd/c4/doctor.go:518.23,520.3 1 1
github.com/changmin/c4-core/cmd/c4/doctor.go:521.2,521.69 1 1
github.com/changmin/c4-core/cmd/c4/doctor.go:521.69,527.3 1 1
github.com/changmin/c4-core/cmd/c4/doctor.go:529.2,532.16 4 1
github.com/changmin/c4-core/cmd/c4/doctor.go:532.16,539.3 1 1
github.com/changmin/c4-core/cmd/c4/doctor.go:540.2,542.54 2 1
github.com/changmin/c4-core/cmd/c4/doctor.go:542.54,548.3 1 1
github.com/changmin/c4-core/cmd/c4/doctor.go:549.2,553.3 1 0
github.com/changmin/c4-core/cmd/c4/doctor.go:559.36,560.16 1 1
github.com/changmin/c4-core/cmd/c4/doctor.go:561.19,564.83 2 1
github.com/changmin/c4-core/cmd/c4/doctor.go:564.83,565.57 1 1
github.com/changmin/c4-core/cmd/c4/doctor.go:565.57,566.37 1 1
github.com/changmin/c4-core/cmd/c4/doctor.go:566.37,568.6 1 1
github.com/changmin/c4-core/cmd/c4/doctor.go:571.15,572.55 1 1
github.com/changmin/c4-core/cmd/c4/doctor.go:572.55,574.4 1 0
github.com/changmin/c4-core/cmd/c4/doctor.go:575.3,575.24 1 1
github.com/changmin/c4-core/cmd/c4/doctor.go:577.2,577.11 1 1
github.com/changmin/c4-core/cmd/c4/doctor.go:584.60,588.29 4 1
github.com/changmin/c4-core/cmd/c4/doctor.go:588.29,590.55 2 1
github.com/changmin/c4-core/cmd/c4/doctor.go:590.55,591.12 1 1
github.com/changmin/c4-core/cmd/c4/doctor.go:594.3,594.57 1 1
github.com/changmin/c4-core/cmd/c4/doctor.go:594.57,596.12 2 1
github.com/changmin/c4-core/cmd/c4/doctor.go:600.3,600.115 1 1
github.com/changmin/c4-core/cmd/c4/doctor.go:600.115,604.4 3 1
github.com/changmin/c4-core/cmd/c4/doctor.go:606.2,606.11 1 1
github.com/changmin/c4-core/cmd/c4/doctor.go:610.35,611.32 1 1
github.com/changmin/c4-core/cmd/c4/doctor.go:611.32,613.3 1 1
github.com/changmin/c4-core/cmd/c4/doctor.go:614.2,615.16 2 1
github.com/changmin/c4-core/cmd/c4/doctor.go:615.16,617.3 1 0
github.com/changmin/c4-core/cmd/c4/doctor.go:618.2,618.35 1 1
github.com/changmin/c4-core/cmd/c4/doctor.go:622.40,624.2 1 1
github.com/changmin/c4-core/cmd/c4/doctor.go:628.41,631.16 3 1
github.com/changmin/c4-core/cmd/c4/doctor.go:631.16,638.3 1 0
github.com/changmin/c4-core/cmd/c4/doctor.go:640.2,641.16 2 1
github.com/changmin/c4-core/cmd/c4/doctor.go:642.29,647.4 1 0
github.com/changmin/c4-core/cmd/c4/doctor.go:648.29,654.4 1 1
github.com/changmin/c4-core/cmd/c4/doctor.go:655.10,659.60 3 0
github.com/changmin/c4-core/cmd/c4/doctor.go:659.60,661.62 2 0
github.com/changmin/c4-core/cmd/c4/doctor.go:661.62,662.105 1 0
github.com/changmin/c4-core/cmd/c4/doctor.go:662.105,668.6 1 0
github.com/changmin/c4-core/cmd/c4/doctor.go:671.4,671.22 1 0
github.com/changmin/c4-core/cmd/c4/doctor.go:673.3,678.4 1 0
github.com/changmin/c4-core/cmd/c4/embed_c5_extract.go:24.61,26.16 2 1
github.com/changmin/c4-core/cmd/c4/embed_c5_extract.go:26.16,28.3 1 0
github.com/changmin/c4-core/cmd/c4/embed_c5_extract.go:30.2,31.50 2 1
github.com/changmin/c4-core/cmd/c4/embed_c5_extract.go:31.50,33.3 1 0
github.com/changmin/c4-core/cmd/c4/embed_c5_extract.go:36.2,37.31 2 1
github.com/changmin/c4-core/cmd/c4/embed_c5_extract.go:37.31,39.3 1 0
github.com/changmin/c4-core/cmd/c4/embed_c5_extract.go:40.2,44.19 3 1
github.com/changmin/c4-core/cmd/c4/embed_c5_extract.go:44.19,46.21 2 1
github.com/changmin/c4-core/cmd/c4/embed_c5_extract.go:46.21,48.28 2 1
github.com/changmin/c4-core/cmd/c4/embed_c5_extract.go:48.28,50.5 1 1
github.com/changmin/c4-core/cmd/c4/embed_c5_extract.go:55.2,56.31 2 1
github.com/changmin/c4-core/cmd/c4/embed_c5_extract.go:56.31,58.3 1 0
github.com/changmin/c4-core/cmd/c4/embed_c5_extract.go:60.2,61.16 2 1
github.com/changmin/c4-core/cmd/c4/embed_c5_extract.go:61.16,63.3 1 0
github.com/changmin/c4-core/cmd/c4/embed_c5_extract.go:64.2,71.16 4 1
github.com/changmin/c4-core/cmd/c4/embed_c5_extract.go:71.16,73.3 1 0
github.com/changmin/c4-core/cmd/c4/embed_c5_extract.go:75.2,75.43 1 1
github.com/changmin/c4-core/cmd/c4/embed_c5_extract.go:75.43,79.3 3 0
github.com/changmin/c4-core/cmd/c4/embed_c5_extract.go:80.2,80.34 1 1
github.com/changmin/c4-core/cmd/c4/embed_c5_extract.go:80.34,83.3 2 0
github.com/changmin/c4-core/cmd/c4/embed_c5_extract.go:86.2,86.53 1 1
github.com/changmin/c4-core/cmd/c4/embed_c5_extract.go:86.53,89.3 2 0
github.com/changmin/c4-core/cmd/c4/embed_c5_extract.go:92.2,92.19 1 1
github.com/changmin/c4-core/cmd/c4/embed_c5_extract.go:92.19,95.69 3 1
github.com/changmin/c4-core/cmd/c4/embed_c5_extract.go:95.69,97.4 1 1
github.com/changmin/c4-core/cmd/c4/embed_c5_extract.go:100.2,100.22 1 1
github.com/changmin/c4-core/cmd/c4/embed_c5_stub.go:19.42,21.2 1 1
github.com/changmin/c4-core/cmd/c4/eventbus.go:155.13,214.2 38 1
github.com/changmin/c4-core/cmd/c4/eventbus.go:218.47,219.27 1 1
github.com/changmin/c4-core/cmd/c4/eventbus.go:219.27,221.3 1 1
github.com/changmin/c4-core/cmd/c4/eventbus.go:222.2,223.16 2 1
github.com/changmin/c4-core/cmd/c4/eventbus.go:223.16,225.3 1 0
github.com/changmin/c4-core/cmd/c4/eventbus.go:226.2,226.52 1 1
github.com/changmin/c4-core/cmd/c4/eventbus.go:229.47,230.26 1 1
github.com/changmin/c4-core/cmd/c4/eventbus.go:230.26,232.3 1 1
github.com/changmin/c4-core/cmd/c4/eventbus.go:233.2,233.42 1 1
github.com/changmin/c4-core/cmd/c4/eventbus.go:236.50,238.16 2 0
github.com/changmin/c4-core/cmd/c4/eventbus.go:238.16,240.3 1 0
github.com/changmin/c4-core/cmd/c4/eventbus.go:241.2,242.37 2 0
github.com/changmin/c4-core/cmd/c4/eventbus.go:245.37,246.13 1 1
github.com/changmin/c4-core/cmd/c4/eventbus.go:246.13,248.3 1 1
github.com/changmin/c4-core/cmd/c4/eventbus.go:249.2,250.16 2 1
github.com/changmin/c4-core/cmd/c4/eventbus.go:250.16,253.17 2 1
github.com/changmin/c4-core/cmd/c4/eventbus.go:253.17,255.4 1 1
github.com/changmin/c4-core/cmd/c4/eventbus.go:257.2,257.22 1 1
github.com/changmin/c4-core/cmd/c4/eventbus.go:262.59,264.16 2 0
github.com/changmin/c4-core/cmd/c4/eventbus.go:264.16,266.3 1 0
github.com/changmin/c4-core/cmd/c4/eventbus.go:268.2,268.51 1 0
github.com/changmin/c4-core/cmd/c4/eventbus.go:268.51,270.3 1 0
github.com/changmin/c4-core/cmd/c4/eventbus.go:272.2,276.56 3 0
github.com/changmin/c4-core/cmd/c4/eventbus.go:276.56,278.3 1 0
github.com/changmin/c4-core/cmd/c4/eventbus.go:279.2,282.67 2 0
github.com/changmin/c4-core/cmd/c4/eventbus.go:282.67,284.3 1 0
github.com/changmin/c4-core/cmd/c4/eventbus.go:287.2,289.16 3 0
github.com/changmin/c4-core/cmd/c4/eventbus.go:289.16,291.3 1 0
github.com/changmin/c4-core/cmd/c4/eventbus.go:292.2,296.60 3 0
github.com/changmin/c4-core/cmd/c4/eventbus.go:296.60,297.56 1 0
github.com/changmin/c4-core/cmd/c4/eventbus.go:297.56,299.4 1 0
github.com/changmin/c4-core/cmd/c4/eventbus.go:303.2,312.16 4 0
github.com/changmin/c4-core/cmd/c4/eventbus.go:312.16,314.3 1 0
github.com/changmin/c4-core/cmd/c4/eventbus.go:315.2,327.12 8 0
github.com/changmin/c4-core/cmd/c4/eventbus.go:327.12,328.10 1 0
github.com/changmin/c4-core/cmd/c4/eventbus.go:329.16,330.71 1 0
github.com/changmin/c4-core/cmd/c4/eventbus.go:331.21,332.60 1 0
github.com/changmin/c4-core/cmd/c4/eventbus.go:334.3,334.28 1 0
github.com/changmin/c4-core/cmd/c4/eventbus.go:337.2,339.45 2 0
github.com/changmin/c4-core/cmd/c4/eventbus.go:339.45,341.3 1 0
github.com/changmin/c4-core/cmd/c4/eventbus.go:343.2,344.12 2 0
github.com/changmin/c4-core/cmd/c4/eventbus.go:347.63,349.16 2 0
github.com/changmin/c4-core/cmd/c4/eventbus.go:349.16,351.3 1 0
github.com/changmin/c4-core/cmd/c4/eventbus.go:353.2,355.16 3 0
github.com/changmin/c4-core/cmd/c4/eventbus.go:355.16,357.3 1 0
github.com/changmin/c4-core/cmd/c4/eventbus.go:359.2,360.16 2 0
github.com/changmin/c4-core/cmd/c4/eventbus.go:360.16,362.3 1 0
github.com/changmin/c4-core/cmd/c4/eventbus.go:364.2,365.16 2 0
github.com/changmin/c4-core/cmd/c4/eventbus.go:365.16,367.3 1 0
github.com/changmin/c4-core/cmd/c4/eventbus.go:369.2,369.53 1 0
github.com/changmin/c4-core/cmd/c4/eventbus.go:369.53,371.3 1 0
github.com/changmin/c4-core/cmd/c4/eventbus.go:373.2,374.12 2 0
github.com/changmin/c4-core/cmd/c4/eventbus.go:379.63,381.16 2 0
github.com/changmin/c4-core/cmd/c4/eventbus.go:381.16,383.3 1 0
github.com/changmin/c4-core/cmd/c4/eventbus.go:384.2,389.16 4 0
github.com/changmin/c4-core/cmd/c4/eventbus.go:389.16,391.3 1 0
github.com/changmin/c4-core/cmd/c4/eventbus.go:393.2,393.20 1 0
github.com/changmin/c4-core/cmd/c4/eventbus.go:393.20,396.3 2 0
github.com/changmin/c4-core/cmd/c4/eventbus.go:398.2,400.25 3 0
github.com/changmin/c4-core/cmd/c4/eventbus.go:400.25,404.23 4 0
github.com/changmin/c4-core/cmd/c4/eventbus.go:404.23,406.4 1 0
github.com/changmin/c4-core/cmd/c4/eventbus.go:407.3,408.55 1 0
github.com/changmin/c4-core/cmd/c4/eventbus.go:410.2,412.12 3 0
github.com/changmin/c4-core/cmd/c4/eventbus.go:417.60,419.16 2 0
github.com/changmin/c4-core/cmd/c4/eventbus.go:419.16,421.3 1 0
github.com/changmin/c4-core/cmd/c4/eventbus.go:422.2,425.16 3 0
github.com/changmin/c4-core/cmd/c4/eventbus.go:425.16,427.3 1 0
github.com/changmin/c4-core/cmd/c4/eventbus.go:429.2,429.21 1 0
github.com/changmin/c4-core/cmd/c4/eventbus.go:429.21,432.3 2 0
github.com/changmin/c4-core/cmd/c4/eventbus.go:434.2,436.26 3 0
github.com/changmin/c4-core/cmd/c4/eventbus.go:436.26,438.17 2 0
github.com/changmin/c4-core/cmd/c4/eventbus.go:438.17,440.4 1 0
github.com/changmin/c4-core/cmd/c4/eventbus.go:441.3,442.62 1 0
github.com/changmin/c4-core/cmd/c4/eventbus.go:444.2,446.12 3 0
github.com/changmin/c4-core/cmd/c4/eventbus.go:449.59,450.70 1 0
github.com/changmin/c4-core/cmd/c4/eventbus.go:450.70,452.3 1 0
github.com/changmin/c4-core/cmd/c4/eventbus.go:454.2,455.16 2 0
github.com/changmin/c4-core/cmd/c4/eventbus.go:455.16,457.3 1 0
github.com/changmin/c4-core/cmd/c4/eventbus.go:458.2,461.16 3 0
github.com/changmin/c4-core/cmd/c4/eventbus.go:461.16,463.3 1 0
github.com/changmin/c4-core/cmd/c4/eventbus.go:465.2,466.12 2 0
github.com/changmin/c4-core/cmd/c4/eventbus.go:469.62,470.26 1 0
github.com/changmin/c4-core/cmd/c4/eventbus.go:470.26,472.3 1 0
github.com/changmin/c4-core/cmd/c4/eventbus.go:474.2,475.16 2 0
github.com/changmin/c4-core/cmd/c4/eventbus.go:475.16,477.3 1 0
github.com/changmin/c4-core/cmd/c4/eventbus.go:478.2,480.62 2 0
github.com/changmin/c4-core/cmd/c4/eventbus.go:480.62,482.3 1 0
github.com/changmin/c4-core/cmd/c4/eventbus.go:484.2,485.12 2 0
github.com/changmin/c4-core/cmd/c4/eventbus.go:488.62,489.26 1 0
github.com/changmin/c4-core/cmd/c4/eventbus.go:489.26,491.3 1 0
github.com/changmin/c4-core/cmd/c4/eventbus.go:493.2,494.16 2 0
github.com/changmin/c4-core/cmd/c4/eventbus.go:494.16,496.3 1 0
github.com/changmin/c4-core/cmd/c4/eventbus.go:497.2,499.77 2 0
github.com/changmin/c4-core/cmd/c4/eventbus.go:499.77,501.3 1 0
github.com/changmin/c4-core/cmd/c4/eventbus.go:503.2,504.24 2 0
github.com/changmin/c4-core/cmd/c4/eventbus.go:504.24,506.3 1 0
github.com/changmin/c4-core/cmd/c4/eventbus.go:507.2,508.12 2 0
github.com/changmin/c4-core/cmd/c4/eventbus.go:511.62,512.26 1 0
github.com/changmin/c4-core/cmd/c4/eventbus.go:512.26,514.3 1 0
github.com/changmin/c4-core/cmd/c4/eventbus.go:516.2,517.16 2 0
github.com/changmin/c4-core/cmd/c4/eventbus.go:517.16,519.3 1 0
github.com/changmin/c4-core/cmd/c4/eventbus.go:521.2,535.50 4 0
github.com/changmin/c4-core/cmd/c4/eventbus.go:535.50,537.3 1 0
github.com/changmin/c4-core/cmd/c4/eventbus.go:539.2,540.16 2 0
github.com/changmin/c4-core/cmd/c4/eventbus.go:540.16,542.3 1 0
github.com/changmin/c4-core/cmd/c4/eventbus.go:543.2,548.34 4 0
github.com/changmin/c4-core/cmd/c4/eventbus.go:548.34,550.3 1 0
github.com/changmin/c4-core/cmd/c4/eventbus.go:552.2,553.29 2 0
github.com/changmin/c4-core/cmd/c4/eventbus.go:553.29,554.28 1 0
github.com/changmin/c4-core/cmd/c4/eventbus.go:554.28,557.12 3 0
github.com/changmin/c4-core/cmd/c4/eventbus.go:559.3,560.17 2 0
github.com/changmin/c4-core/cmd/c4/eventbus.go:560.17,563.4 2 0
github.com/changmin/c4-core/cmd/c4/eventbus.go:563.9,566.4 2 0
github.com/changmin/c4-core/cmd/c4/eventbus.go:569.2,570.12 2 0
github.com/changmin/c4-core/cmd/c4/eventbus.go:575.58,577.16 2 0
github.com/changmin/c4-core/cmd/c4/eventbus.go:577.16,579.3 1 0
github.com/changmin/c4-core/cmd/c4/eventbus.go:580.2,589.12 7 0
github.com/changmin/c4-core/cmd/c4/eventbus.go:589.12,592.3 2 0
github.com/changmin/c4-core/cmd/c4/eventbus.go:594.2,595.16 2 0
github.com/changmin/c4-core/cmd/c4/eventbus.go:595.16,597.3 1 0
github.com/changmin/c4-core/cmd/c4/eventbus.go:599.2,599.21 1 0
github.com/changmin/c4-core/cmd/c4/eventbus.go:599.21,602.25 3 0
github.com/changmin/c4-core/cmd/c4/eventbus.go:602.25,604.4 1 0
github.com/changmin/c4-core/cmd/c4/eventbus.go:605.3,606.29 2 0
github.com/changmin/c4-core/cmd/c4/eventbus.go:606.29,608.4 1 0
github.com/changmin/c4-core/cmd/c4/eventbus.go:609.3,609.82 1 0
github.com/changmin/c4-core/cmd/c4/eventbus.go:612.2,612.12 1 0
github.com/changmin/c4-core/cmd/c4/eventbus.go:617.65,619.16 2 0
github.com/changmin/c4-core/cmd/c4/eventbus.go:619.16,621.3 1 0
github.com/changmin/c4-core/cmd/c4/eventbus.go:622.2,625.16 3 0
github.com/changmin/c4-core/cmd/c4/eventbus.go:625.16,627.3 1 0
github.com/changmin/c4-core/cmd/c4/eventbus.go:629.2,638.29 9 0
github.com/changmin/c4-core/cmd/c4/eventbus.go:638.29,640.3 1 0
github.com/changmin/c4-core/cmd/c4/eventbus.go:641.2,641.29 1 0
github.com/changmin/c4-core/cmd/c4/eventbus.go:641.29,643.3 1 0
github.com/changmin/c4-core/cmd/c4/eventbus.go:644.2,644.12 1 0
github.com/changmin/c4-core/cmd/c4/eventbus.go:649.57,651.16 2 0
github.com/changmin/c4-core/cmd/c4/eventbus.go:651.16,653.3 1 0
github.com/changmin/c4-core/cmd/c4/eventbus.go:654.2,659.19 4 0
github.com/changmin/c4-core/cmd/c4/eventbus.go:659.19,661.3 1 0
github.com/changmin/c4-core/cmd/c4/eventbus.go:662.2,669.16 5 0
github.com/changmin/c4-core/cmd/c4/eventbus.go:669.16,671.3 1 0
github.com/changmin/c4-core/cmd/c4/eventbus.go:673.2,674.21 2 0
github.com/changmin/c4-core/cmd/c4/eventbus.go:674.21,680.3 5 0
github.com/changmin/c4-core/cmd/c4/eventbus.go:682.2,683.12 2 0
github.com/changmin/c4-core/cmd/c4/eventbus.go:688.54,690.16 2 0
github.com/changmin/c4-core/cmd/c4/eventbus.go:690.16,692.3 1 0
github.com/changmin/c4-core/cmd/c4/eventbus.go:693.2,696.16 3 0
github.com/changmin/c4-core/cmd/c4/eventbus.go:696.16,698.3 1 0
github.com/changmin/c4-core/cmd/c4/eventbus.go:700.2,700.23 1 0
github.com/changmin/c4-core/cmd/c4/eventbus.go:700.23,703.3 2 0
github.com/changmin/c4-core/cmd/c4/eventbus.go:705.2,707.28 3 0
github.com/changmin/c4-core/cmd/c4/eventbus.go:707.28,710.23 3 0
github.com/changmin/c4-core/cmd/c4/eventbus.go:710.23,712.4 1 0
github.com/changmin/c4-core/cmd/c4/eventbus.go:713.3,714.74 1 0
github.com/changmin/c4-core/cmd/c4/eventbus.go:716.2,718.12 3 0
github.com/changmin/c4-core/cmd/c4/eventbus.go:722.51,723.51 1 0
github.com/changmin/c4-core/cmd/c4/eventbus.go:723.51,725.17 2 0
github.com/changmin/c4-core/cmd/c4/eventbus.go:725.17,727.18 2 0
github.com/changmin/c4-core/cmd/c4/eventbus.go:727.18,728.58 1 0
github.com/changmin/c4-core/cmd/c4/eventbus.go:728.58,730.6 1 0
github.com/changmin/c4-core/cmd/c4/eventbus.go:733.3,733.21 1 0
github.com/changmin/c4-core/cmd/c4/eventbus.go:736.2,736.71 1 0
github.com/changmin/c4-core/cmd/c4/fallback.go:23.13,25.2 1 1
github.com/changmin/c4-core/cmd/c4/fallback.go:41.46,48.2 1 1
github.com/changmin/c4-core/cmd/c4/fallback.go:50.62,53.2 2 0
github.com/changmin/c4-core/cmd/c4/fallback.go:57.49,59.21 1 1
github.com/changmin/c4-core/cmd/c4/fallback.go:59.21,62.3 2 1
github.com/changmin/c4-core/cmd/c4/fallback.go:65.2,66.16 2 1
github.com/changmin/c4-core/cmd/c4/fallback.go:66.16,68.3 1 1
github.com/changmin/c4-core/cmd/c4/fallback.go:71.2,74.26 3 0
github.com/changmin/c4-core/cmd/c4/fallback.go:78.58,79.15 1 1
github.com/changmin/c4-core/cmd/c4/fallback.go:79.15,80.31 1 1
github.com/changmin/c4-core/cmd/c4/fallback.go:80.31,82.4 1 1
github.com/changmin/c4-core/cmd/c4/fallback.go:85.2,85.27 1 1
github.com/changmin/c4-core/cmd/c4/fallback.go:89.31,91.2 1 0
github.com/changmin/c4-core/cmd/c4/fallback.go:96.46,98.16 2 1
github.com/changmin/c4-core/cmd/c4/fallback.go:98.16,100.3 1 0
github.com/changmin/c4-core/cmd/c4/fallback.go:102.2,107.34 5 1
github.com/changmin/c4-core/cmd/c4/fallback.go:107.34,109.3 1 0
github.com/changmin/c4-core/cmd/c4/fallback.go:111.2,111.12 1 1
github.com/changmin/c4-core/cmd/c4/fallback.go:115.57,118.16 3 1
github.com/changmin/c4-core/cmd/c4/fallback.go:118.16,120.53 1 0
github.com/changmin/c4-core/cmd/c4/fallback.go:120.53,121.60 1 0
github.com/changmin/c4-core/cmd/c4/fallback.go:121.60,125.5 2 0
github.com/changmin/c4-core/cmd/c4/fallback.go:127.3,127.76 1 0
github.com/changmin/c4-core/cmd/c4/fallback.go:129.2,129.18 1 1
github.com/changmin/c4-core/cmd/c4/hub.go:120.13,141.2 16 1
github.com/changmin/c4-core/cmd/c4/hub.go:144.42,149.16 2 0
github.com/changmin/c4-core/cmd/c4/hub.go:149.16,151.3 1 0
github.com/changmin/c4-core/cmd/c4/hub.go:153.2,154.21 2 0
github.com/changmin/c4-core/cmd/c4/hub.go:154.21,156.3 1 0
github.com/changmin/c4-core/cmd/c4/hub.go:158.2,166.27 2 0
github.com/changmin/c4-core/cmd/c4/hub.go:166.27,168.3 1 0
github.com/changmin/c4-core/cmd/c4/hub.go:170.2,170.20 1 0
github.com/changmin/c4-core/cmd/c4/hub.go:177.60,179.16 2 0
github.com/changmin/c4-core/cmd/c4/hub.go:179.16,181.3 1 0
github.com/changmin/c4-core/cmd/c4/hub.go:183.2,187.13 3 0
github.com/changmin/c4-core/cmd/c4/hub.go:187.13,189.3 1 0
github.com/changmin/c4-core/cmd/c4/hub.go:189.8,193.3 3 0
github.com/changmin/c4-core/cmd/c4/hub.go:196.2,197.16 2 0
github.com/changmin/c4-core/cmd/c4/hub.go:197.16,201.3 3 0
github.com/changmin/c4-core/cmd/c4/hub.go:203.2,213.36 9 0
github.com/changmin/c4-core/cmd/c4/hub.go:213.36,215.30 2 0
github.com/changmin/c4-core/cmd/c4/hub.go:215.30,217.17 2 0
github.com/changmin/c4-core/cmd/c4/hub.go:217.17,219.5 1 0
github.com/changmin/c4-core/cmd/c4/hub.go:220.4,221.54 1 0
github.com/changmin/c4-core/cmd/c4/hub.go:225.2,226.12 2 0
github.com/changmin/c4-core/cmd/c4/hub.go:233.62,235.16 2 0
github.com/changmin/c4-core/cmd/c4/hub.go:235.16,237.3 1 0
github.com/changmin/c4-core/cmd/c4/hub.go:240.2,240.27 1 0
github.com/changmin/c4-core/cmd/c4/hub.go:240.27,242.3 1 0
github.com/changmin/c4-core/cmd/c4/hub.go:245.2,246.16 2 0
github.com/changmin/c4-core/cmd/c4/hub.go:246.16,249.3 2 0
github.com/changmin/c4-core/cmd/c4/hub.go:251.2,251.25 1 0
github.com/changmin/c4-core/cmd/c4/hub.go:251.25,253.3 1 0
github.com/changmin/c4-core/cmd/c4/hub.go:255.2,256.49 2 0
github.com/changmin/c4-core/cmd/c4/hub.go:256.49,258.3 1 0
github.com/changmin/c4-core/cmd/c4/hub.go:259.2,259.64 1 0
github.com/changmin/c4-core/cmd/c4/hub.go:259.64,261.3 1 0
github.com/changmin/c4-core/cmd/c4/hub.go:262.2,262.53 1 0
github.com/changmin/c4-core/cmd/c4/hub.go:262.53,264.3 1 0
github.com/changmin/c4-core/cmd/c4/hub.go:266.2,267.16 2 0
github.com/changmin/c4-core/cmd/c4/hub.go:267.16,269.3 1 0
github.com/changmin/c4-core/cmd/c4/hub.go:271.2,272.12 2 0
github.com/changmin/c4-core/cmd/c4/hub.go:279.59,281.16 2 0
github.com/changmin/c4-core/cmd/c4/hub.go:281.16,283.3 1 0
github.com/changmin/c4-core/cmd/c4/hub.go:285.2,289.16 3 0
github.com/changmin/c4-core/cmd/c4/hub.go:289.16,291.3 1 0
github.com/changmin/c4-core/cmd/c4/hub.go:292.2,294.32 2 0
github.com/changmin/c4-core/cmd/c4/hub.go:294.32,298.46 3 0
github.com/changmin/c4-core/cmd/c4/hub.go:298.46,300.38 2 0
github.com/changmin/c4-core/cmd/c4/hub.go:300.38,303.5 2 0
github.com/changmin/c4-core/cmd/c4/hub.go:305.3,305.13 1 0
github.com/changmin/c4-core/cmd/c4/hub.go:308.2,317.12 7 0
github.com/changmin/c4-core/cmd/c4/hub.go:317.12,321.3 3 0
github.com/changmin/c4-core/cmd/c4/hub.go:323.2,323.86 1 0
github.com/changmin/c4-core/cmd/c4/hub.go:323.86,324.19 1 0
github.com/changmin/c4-core/cmd/c4/hub.go:325.17,327.45 2 0
github.com/changmin/c4-core/cmd/c4/hub.go:328.17,329.43 1 0
github.com/changmin/c4-core/cmd/c4/hub.go:330.18,332.53 2 0
github.com/changmin/c4-core/cmd/c4/hub.go:333.16,334.53 1 0
github.com/changmin/c4-core/cmd/c4/hub.go:338.2,338.36 1 0
github.com/changmin/c4-core/cmd/c4/hub.go:338.36,340.3 1 0
github.com/changmin/c4-core/cmd/c4/hub.go:342.2,343.12 2 0
github.com/changmin/c4-core/cmd/c4/hub.go:350.57,352.16 2 0
github.com/changmin/c4-core/cmd/c4/hub.go:352.16,354.3 1 0
github.com/changmin/c4-core/cmd/c4/hub.go:356.2,356.27 1 0
github.com/changmin/c4-core/cmd/c4/hub.go:356.27,358.3 1 0
github.com/changmin/c4-core/cmd/c4/hub.go:361.2,362.16 2 0
github.com/changmin/c4-core/cmd/c4/hub.go:362.16,365.3 2 0
github.com/changmin/c4-core/cmd/c4/hub.go:366.2,366.25 1 0
github.com/changmin/c4-core/cmd/c4/hub.go:366.25,368.3 1 0
github.com/changmin/c4-core/cmd/c4/hub.go:370.2,371.16 2 0
github.com/changmin/c4-core/cmd/c4/hub.go:371.16,373.3 1 0
github.com/changmin/c4-core/cmd/c4/hub.go:374.2,385.6 7 0
github.com/changmin/c4-core/cmd/c4/hub.go:385.6,386.10 1 0
github.com/changmin/c4-core/cmd/c4/hub.go:387.16,390.14 3 0
github.com/changmin/c4-core/cmd/c4/hub.go:392.19,393.53 1 0
github.com/changmin/c4-core/cmd/c4/hub.go:393.53,395.5 1 0
github.com/changmin/c4-core/cmd/c4/hub.go:395.10,395.22 1 0
github.com/changmin/c4-core/cmd/c4/hub.go:395.22,397.5 1 0
github.com/changmin/c4-core/cmd/c4/hub.go:408.54,420.16 4 0
github.com/changmin/c4-core/cmd/c4/hub.go:420.16,422.88 1 0
github.com/changmin/c4-core/cmd/c4/hub.go:422.88,426.4 3 0
github.com/changmin/c4-core/cmd/c4/hub.go:427.3,427.19 1 0
github.com/changmin/c4-core/cmd/c4/hub.go:430.2,437.29 6 0
github.com/changmin/c4-core/cmd/c4/hub.go:437.29,439.22 2 0
github.com/changmin/c4-core/cmd/c4/hub.go:439.22,440.12 1 0
github.com/changmin/c4-core/cmd/c4/hub.go:443.3,470.21 16 0
github.com/changmin/c4-core/cmd/c4/hub.go:470.21,472.4 1 0
github.com/changmin/c4-core/cmd/c4/hub.go:475.2,482.13 6 0
github.com/changmin/c4-core/cmd/c4/hub.go:482.13,485.3 2 0
github.com/changmin/c4-core/cmd/c4/hub.go:487.2,487.18 1 0
github.com/changmin/c4-core/cmd/c4/hub.go:494.66,496.16 2 0
github.com/changmin/c4-core/cmd/c4/hub.go:496.16,498.3 1 0
github.com/changmin/c4-core/cmd/c4/hub.go:500.2,500.27 1 0
github.com/changmin/c4-core/cmd/c4/hub.go:500.27,502.3 1 0
github.com/changmin/c4-core/cmd/c4/hub.go:504.2,508.26 3 0
github.com/changmin/c4-core/cmd/c4/hub.go:508.26,510.3 1 0
github.com/changmin/c4-core/cmd/c4/hub.go:513.2,516.23 3 0
github.com/changmin/c4-core/cmd/c4/hub.go:516.23,518.3 1 0
github.com/changmin/c4-core/cmd/c4/hub.go:520.2,521.19 2 0
github.com/changmin/c4-core/cmd/c4/hub.go:521.19,523.3 1 0
github.com/changmin/c4-core/cmd/c4/hub.go:524.2,524.26 1 0
github.com/changmin/c4-core/cmd/c4/hub.go:524.26,526.3 1 0
github.com/changmin/c4-core/cmd/c4/hub.go:528.2,529.16 2 0
github.com/changmin/c4-core/cmd/c4/hub.go:529.16,531.3 1 0
github.com/changmin/c4-core/cmd/c4/hub.go:533.2,534.12 2 0
github.com/changmin/c4-core/cmd/c4/hub.go:541.62,543.16 2 0
github.com/changmin/c4-core/cmd/c4/hub.go:543.16,545.3 1 0
github.com/changmin/c4-core/cmd/c4/hub.go:547.2,548.16 2 0
github.com/changmin/c4-core/cmd/c4/hub.go:548.16,550.3 1 0
github.com/changmin/c4-core/cmd/c4/hub.go:552.2,552.21 1 0
github.com/changmin/c4-core/cmd/c4/hub.go:552.21,555.3 2 0
github.com/changmin/c4-core/cmd/c4/hub.go:557.2,559.26 3 0
github.com/changmin/c4-core/cmd/c4/hub.go:559.26,561.22 2 0
github.com/changmin/c4-core/cmd/c4/hub.go:561.22,563.4 1 0
github.com/changmin/c4-core/cmd/c4/hub.go:564.3,565.17 2 0
github.com/changmin/c4-core/cmd/c4/hub.go:565.17,567.4 1 0
github.com/changmin/c4-core/cmd/c4/hub.go:568.3,569.20 2 0
github.com/changmin/c4-core/cmd/c4/hub.go:569.20,571.4 1 0
github.com/changmin/c4-core/cmd/c4/hub.go:572.3,573.48 1 0
github.com/changmin/c4-core/cmd/c4/hub.go:575.2,576.12 2 0
github.com/changmin/c4-core/cmd/c4/hub.go:580.26,582.16 2 0
github.com/changmin/c4-core/cmd/c4/hub.go:582.16,584.3 1 0
github.com/changmin/c4-core/cmd/c4/hub.go:585.2,586.14 2 0
github.com/changmin/c4-core/cmd/c4/hub.go:587.16,588.17 1 0
github.com/changmin/c4-core/cmd/c4/hub.go:589.17,590.17 1 0
github.com/changmin/c4-core/cmd/c4/hub.go:591.10,592.14 1 0
github.com/changmin/c4-core/cmd/c4/init.go:56.56,56.90 1 0
github.com/changmin/c4-core/cmd/c4/init.go:62.56,62.89 1 0
github.com/changmin/c4-core/cmd/c4/init.go:68.56,68.90 1 0
github.com/changmin/c4-core/cmd/c4/init.go:72.13,74.80 1 1
github.com/changmin/c4-core/cmd/c4/init.go:74.80,76.3 1 1
github.com/changmin/c4-core/cmd/c4/init.go:78.2,78.59 1 1
github.com/changmin/c4-core/cmd/c4/init.go:78.59,80.3 1 1
github.com/changmin/c4-core/cmd/c4/init.go:82.2,82.59 1 1
github.com/changmin/c4-core/cmd/c4/init.go:82.59,84.3 1 1
github.com/changmin/c4-core/cmd/c4/init.go:85.2,86.71 2 1
github.com/changmin/c4-core/cmd/c4/init.go:91.43,93.47 2 1
github.com/changmin/c4-core/cmd/c4/init.go:93.47,95.3 1 1
github.com/changmin/c4-core/cmd/c4/init.go:96.2,96.82 1 1
github.com/changmin/c4-core/cmd/c4/init.go:96.82,98.3 1 0
github.com/changmin/c4-core/cmd/c4/init.go:99.2,100.12 2 1
github.com/changmin/c4-core/cmd/c4/init.go:108.46,109.16 1 1
github.com/changmin/c4-core/cmd/c4/init.go:109.16,111.3 1 1
github.com/changmin/c4-core/cmd/c4/init.go:112.2,112.23 1 1
github.com/changmin/c4-core/cmd/c4/init.go:112.23,114.3 1 1
github.com/changmin/c4-core/cmd/c4/init.go:116.2,120.54 3 1
github.com/changmin/c4-core/cmd/c4/init.go:120.54,122.3 1 1
github.com/changmin/c4-core/cmd/c4/init.go:125.2,128.29 4 1
github.com/changmin/c4-core/cmd/c4/init.go:128.29,129.57 1 1
github.com/changmin/c4-core/cmd/c4/init.go:129.57,132.9 3 1
github.com/changmin/c4-core/cmd/c4/init.go:135.2,135.12 1 1
github.com/changmin/c4-core/cmd/c4/init.go:135.12,137.59 1 1
github.com/changmin/c4-core/cmd/c4/init.go:137.59,139.4 1 0
github.com/changmin/c4-core/cmd/c4/init.go:140.3,141.74 2 1
github.com/changmin/c4-core/cmd/c4/init.go:141.74,143.4 1 0
github.com/changmin/c4-core/cmd/c4/init.go:144.3,145.13 2 1
github.com/changmin/c4-core/cmd/c4/init.go:148.2,149.72 2 1
github.com/changmin/c4-core/cmd/c4/init.go:149.72,151.3 1 0
github.com/changmin/c4-core/cmd/c4/init.go:152.2,153.12 2 1
github.com/changmin/c4-core/cmd/c4/init.go:159.50,160.12 1 1
github.com/changmin/c4-core/cmd/c4/init.go:160.12,162.3 1 1
github.com/changmin/c4-core/cmd/c4/init.go:164.2,175.20 10 1
github.com/changmin/c4-core/cmd/c4/init.go:175.20,177.39 2 1
github.com/changmin/c4-core/cmd/c4/init.go:177.39,179.4 1 0
github.com/changmin/c4-core/cmd/c4/init.go:182.2,183.14 2 1
github.com/changmin/c4-core/cmd/c4/init.go:188.104,190.38 2 0
github.com/changmin/c4-core/cmd/c4/init.go:190.38,192.3 1 0
github.com/changmin/c4-core/cmd/c4/init.go:193.2,194.29 2 0
github.com/changmin/c4-core/cmd/c4/init.go:194.29,196.3 1 0
github.com/changmin/c4-core/cmd/c4/init.go:197.2,197.50 1 0
github.com/changmin/c4-core/cmd/c4/init.go:202.29,208.16 3 0
github.com/changmin/c4-core/cmd/c4/init.go:208.16,210.3 1 0
github.com/changmin/c4-core/cmd/c4/init.go:211.2,215.28 2 0
github.com/changmin/c4-core/cmd/c4/init.go:215.28,216.52 1 0
github.com/changmin/c4-core/cmd/c4/init.go:216.52,217.12 1 0
github.com/changmin/c4-core/cmd/c4/init.go:219.3,220.21 2 0
github.com/changmin/c4-core/cmd/c4/init.go:220.21,221.12 1 0
github.com/changmin/c4-core/cmd/c4/init.go:223.3,224.45 2 0
github.com/changmin/c4-core/cmd/c4/init.go:224.45,225.12 1 0
github.com/changmin/c4-core/cmd/c4/init.go:227.3,229.21 3 0
github.com/changmin/c4-core/cmd/c4/init.go:229.21,230.12 1 0
github.com/changmin/c4-core/cmd/c4/init.go:232.3,232.58 1 0
github.com/changmin/c4-core/cmd/c4/init.go:232.58,234.12 2 0
github.com/changmin/c4-core/cmd/c4/init.go:236.3,237.12 2 0
github.com/changmin/c4-core/cmd/c4/init.go:244.28,246.16 2 0
github.com/changmin/c4-core/cmd/c4/init.go:246.16,249.3 2 0
github.com/changmin/c4-core/cmd/c4/init.go:250.2,252.16 3 0
github.com/changmin/c4-core/cmd/c4/init.go:252.16,255.3 2 0
github.com/changmin/c4-core/cmd/c4/init.go:256.2,257.64 2 0
github.com/changmin/c4-core/cmd/c4/init.go:257.64,260.3 2 0
github.com/changmin/c4-core/cmd/c4/init.go:261.2,261.13 1 0
github.com/changmin/c4-core/cmd/c4/init.go:261.13,264.21 3 0
github.com/changmin/c4-core/cmd/c4/init.go:264.21,266.38 2 0
github.com/changmin/c4-core/cmd/c4/init.go:266.38,268.5 1 0
github.com/changmin/c4-core/cmd/c4/init.go:269.9,271.4 1 0
github.com/changmin/c4-core/cmd/c4/init.go:273.2,273.72 1 0
github.com/changmin/c4-core/cmd/c4/init.go:273.72,275.3 1 0
github.com/changmin/c4-core/cmd/c4/init.go:279.39,287.25 3 0
github.com/changmin/c4-core/cmd/c4/init.go:287.25,288.46 1 0
github.com/changmin/c4-core/cmd/c4/init.go:288.46,290.4 1 0
github.com/changmin/c4-core/cmd/c4/init.go:292.2,295.48 2 0
github.com/changmin/c4-core/cmd/c4/init.go:295.48,297.3 1 0
github.com/changmin/c4-core/cmd/c4/init.go:300.2,300.55 1 0
github.com/changmin/c4-core/cmd/c4/init.go:300.55,302.3 1 0
github.com/changmin/c4-core/cmd/c4/init.go:305.2,305.44 1 0
github.com/changmin/c4-core/cmd/c4/init.go:305.44,307.3 1 0
github.com/changmin/c4-core/cmd/c4/init.go:310.2,310.43 1 0
github.com/changmin/c4-core/cmd/c4/init.go:310.43,312.3 1 0
github.com/changmin/c4-core/cmd/c4/init.go:315.2,315.41 1 0
github.com/changmin/c4-core/cmd/c4/init.go:315.41,317.3 1 0
github.com/changmin/c4-core/cmd/c4/init.go:320.2,320.30 1 0
github.com/changmin/c4-core/cmd/c4/init.go:320.30,321.48 1 0
github.com/changmin/c4-core/cmd/c4/init.go:321.48,323.4 1 0
github.com/changmin/c4-core/cmd/c4/init.go:327.2,333.21 3 0
github.com/changmin/c4-core/cmd/c4/init.go:333.21,334.47 1 0
github.com/changmin/c4-core/cmd/c4/init.go:334.47,336.4 1 0
github.com/changmin/c4-core/cmd/c4/init.go:337.3,337.47 1 0
github.com/changmin/c4-core/cmd/c4/init.go:337.47,339.4 1 0
github.com/changmin/c4-core/cmd/c4/init.go:343.2,343.22 1 0
github.com/changmin/c4-core/cmd/c4/init.go:343.22,344.51 1 0
github.com/changmin/c4-core/cmd/c4/init.go:344.51,346.4 1 0
github.com/changmin/c4-core/cmd/c4/init.go:350.2,356.43 3 0
github.com/changmin/c4-core/cmd/c4/init.go:356.43,358.3 1 0
github.com/changmin/c4-core/cmd/c4/init.go:359.2,359.30 1 0
github.com/changmin/c4-core/cmd/c4/init.go:366.38,371.56 3 1
github.com/changmin/c4-core/cmd/c4/init.go:371.56,372.44 1 1
github.com/changmin/c4-core/cmd/c4/init.go:372.44,375.4 2 1
github.com/changmin/c4-core/cmd/c4/init.go:378.2,378.54 1 1
github.com/changmin/c4-core/cmd/c4/init.go:378.54,380.40 2 1
github.com/changmin/c4-core/cmd/c4/init.go:380.40,383.4 2 1
github.com/changmin/c4-core/cmd/c4/init.go:385.3,386.76 2 1
github.com/changmin/c4-core/cmd/c4/init.go:386.76,388.4 1 0
github.com/changmin/c4-core/cmd/c4/init.go:389.3,390.13 2 1
github.com/changmin/c4-core/cmd/c4/init.go:394.2,394.81 1 1
github.com/changmin/c4-core/cmd/c4/init.go:394.81,396.3 1 0
github.com/changmin/c4-core/cmd/c4/init.go:397.2,398.12 2 1
github.com/changmin/c4-core/cmd/c4/init.go:406.36,408.45 1 1
github.com/changmin/c4-core/cmd/c4/init.go:408.45,410.3 1 1
github.com/changmin/c4-core/cmd/c4/init.go:413.2,413.29 1 1
github.com/changmin/c4-core/cmd/c4/init.go:413.29,415.17 2 1
github.com/changmin/c4-core/cmd/c4/init.go:415.17,418.4 2 0
github.com/changmin/c4-core/cmd/c4/init.go:419.3,420.58 2 1
github.com/changmin/c4-core/cmd/c4/init.go:420.58,423.4 2 0
github.com/changmin/c4-core/cmd/c4/init.go:424.3,424.50 1 1
github.com/changmin/c4-core/cmd/c4/init.go:428.2,429.12 2 1
github.com/changmin/c4-core/cmd/c4/init.go:433.51,436.16 3 1
github.com/changmin/c4-core/cmd/c4/init.go:436.16,438.3 1 0
github.com/changmin/c4-core/cmd/c4/init.go:440.2,441.59 2 1
github.com/changmin/c4-core/cmd/c4/init.go:441.59,443.3 1 0
github.com/changmin/c4-core/cmd/c4/init.go:445.2,446.32 2 1
github.com/changmin/c4-core/cmd/c4/init.go:446.32,447.21 1 1
github.com/changmin/c4-core/cmd/c4/init.go:447.21,448.12 1 0
github.com/changmin/c4-core/cmd/c4/init.go:450.3,452.45 2 1
github.com/changmin/c4-core/cmd/c4/init.go:452.45,453.12 1 1
github.com/changmin/c4-core/cmd/c4/init.go:455.3,456.52 2 1
github.com/changmin/c4-core/cmd/c4/init.go:456.52,458.12 2 0
github.com/changmin/c4-core/cmd/c4/init.go:460.3,460.10 1 1
github.com/changmin/c4-core/cmd/c4/init.go:462.2,462.15 1 1
github.com/changmin/c4-core/cmd/c4/init.go:462.15,464.3 1 1
github.com/changmin/c4-core/cmd/c4/init.go:464.8,466.3 1 1
github.com/changmin/c4-core/cmd/c4/init.go:467.2,467.12 1 1
github.com/changmin/c4-core/cmd/c4/init.go:471.60,473.16 2 1
github.com/changmin/c4-core/cmd/c4/init.go:473.16,475.3 1 0
github.com/changmin/c4-core/cmd/c4/init.go:477.2,478.59 2 1
github.com/changmin/c4-core/cmd/c4/init.go:478.59,480.3 1 0
github.com/changmin/c4-core/cmd/c4/init.go:482.2,483.32 2 1
github.com/changmin/c4-core/cmd/c4/init.go:483.32,484.51 1 1
github.com/changmin/c4-core/cmd/c4/init.go:484.51,485.12 1 1
github.com/changmin/c4-core/cmd/c4/init.go:487.3,488.45 2 1
github.com/changmin/c4-core/cmd/c4/init.go:488.45,489.12 1 0
github.com/changmin/c4-core/cmd/c4/init.go:491.3,492.52 2 1
github.com/changmin/c4-core/cmd/c4/init.go:492.52,494.12 2 0
github.com/changmin/c4-core/cmd/c4/init.go:496.3,496.10 1 1
github.com/changmin/c4-core/cmd/c4/init.go:498.2,498.15 1 1
github.com/changmin/c4-core/cmd/c4/init.go:498.15,500.3 1 1
github.com/changmin/c4-core/cmd/c4/init.go:500.8,502.3 1 0
github.com/changmin/c4-core/cmd/c4/init.go:503.2,503.12 1 1
github.com/changmin/c4-core/cmd/c4/init.go:509.50,513.16 3 1
github.com/changmin/c4-core/cmd/c4/init.go:513.16,515.3 1 0
github.com/changmin/c4-core/cmd/c4/init.go:518.2,518.27 1 1
github.com/changmin/c4-core/cmd/c4/init.go:518.27,520.17 2 1
github.com/changmin/c4-core/cmd/c4/init.go:520.17,522.43 2 1
github.com/changmin/c4-core/cmd/c4/init.go:522.43,524.5 1 1
github.com/changmin/c4-core/cmd/c4/init.go:529.2,529.105 1 1
github.com/changmin/c4-core/cmd/c4/init.go:529.105,530.17 1 1
github.com/changmin/c4-core/cmd/c4/init.go:530.17,532.4 1 0
github.com/changmin/c4-core/cmd/c4/init.go:535.3,536.22 2 1
github.com/changmin/c4-core/cmd/c4/init.go:536.22,538.4 1 0
github.com/changmin/c4-core/cmd/c4/init.go:539.3,541.16 2 1
github.com/changmin/c4-core/cmd/c4/init.go:541.16,543.20 2 1
github.com/changmin/c4-core/cmd/c4/init.go:543.20,545.5 1 1
github.com/changmin/c4-core/cmd/c4/init.go:546.4,546.14 1 1
github.com/changmin/c4-core/cmd/c4/init.go:549.3,550.21 2 1
github.com/changmin/c4-core/cmd/c4/init.go:550.21,552.4 1 0
github.com/changmin/c4-core/cmd/c4/init.go:554.3,554.66 1 1
github.com/changmin/c4-core/cmd/c4/init.go:554.66,557.4 2 1
github.com/changmin/c4-core/cmd/c4/init.go:558.3,558.13 1 1
github.com/changmin/c4-core/cmd/c4/init.go:559.17,561.3 1 0
github.com/changmin/c4-core/cmd/c4/init.go:564.2,564.27 1 1
github.com/changmin/c4-core/cmd/c4/init.go:564.27,566.97 2 1
github.com/changmin/c4-core/cmd/c4/init.go:566.97,568.4 1 1
github.com/changmin/c4-core/cmd/c4/init.go:571.2,571.12 1 1
github.com/changmin/c4-core/cmd/c4/init.go:576.64,578.16 2 1
github.com/changmin/c4-core/cmd/c4/init.go:578.16,580.3 1 1
github.com/changmin/c4-core/cmd/c4/init.go:581.2,583.29 3 1
github.com/changmin/c4-core/cmd/c4/init.go:589.49,591.52 2 1
github.com/changmin/c4-core/cmd/c4/init.go:591.52,593.3 1 0
github.com/changmin/c4-core/cmd/c4/init.go:595.2,597.17 3 1
github.com/changmin/c4-core/cmd/c4/init.go:597.17,598.83 1 1
github.com/changmin/c4-core/cmd/c4/init.go:598.83,600.4 1 0
github.com/changmin/c4-core/cmd/c4/init.go:601.3,601.71 1 1
github.com/changmin/c4-core/cmd/c4/init.go:604.2,606.17 3 1
github.com/changmin/c4-core/cmd/c4/init.go:606.17,607.93 1 1
github.com/changmin/c4-core/cmd/c4/init.go:607.93,609.4 1 0
github.com/changmin/c4-core/cmd/c4/init.go:610.3,610.86 1 1
github.com/changmin/c4-core/cmd/c4/init.go:613.2,613.34 1 1
github.com/changmin/c4-core/cmd/c4/init.go:613.34,615.3 1 1
github.com/changmin/c4-core/cmd/c4/init.go:618.2,618.57 1 1
github.com/changmin/c4-core/cmd/c4/init.go:618.57,620.3 1 0
github.com/changmin/c4-core/cmd/c4/init.go:622.2,622.12 1 1
github.com/changmin/c4-core/cmd/c4/init.go:633.52,644.16 7 1
github.com/changmin/c4-core/cmd/c4/init.go:644.16,645.65 1 1
github.com/changmin/c4-core/cmd/c4/init.go:645.65,651.4 5 1
github.com/changmin/c4-core/cmd/c4/init.go:652.8,654.3 1 1
github.com/changmin/c4-core/cmd/c4/init.go:657.2,658.18 2 1
github.com/changmin/c4-core/cmd/c4/init.go:658.18,660.3 1 1
github.com/changmin/c4-core/cmd/c4/init.go:665.2,665.110 1 1
github.com/changmin/c4-core/cmd/c4/init.go:665.110,668.38 3 1
github.com/changmin/c4-core/cmd/c4/init.go:668.38,670.4 1 1
github.com/changmin/c4-core/cmd/c4/init.go:672.3,673.18 2 1
github.com/changmin/c4-core/cmd/c4/init.go:673.18,675.4 1 1
github.com/changmin/c4-core/cmd/c4/init.go:677.3,677.49 1 1
github.com/changmin/c4-core/cmd/c4/init.go:677.49,678.39 1 1
github.com/changmin/c4-core/cmd/c4/init.go:678.39,680.5 1 1
github.com/changmin/c4-core/cmd/c4/init.go:681.4,681.40 1 1
github.com/changmin/c4-core/cmd/c4/init.go:681.40,682.35 1 1
github.com/changmin/c4-core/cmd/c4/init.go:682.35,684.6 1 1
github.com/changmin/c4-core/cmd/c4/init.go:686.4,686.16 1 0
github.com/changmin/c4-core/cmd/c4/init.go:692.3,692.34 1 1
github.com/changmin/c4-core/cmd/c4/init.go:692.34,694.11 2 1
github.com/changmin/c4-core/cmd/c4/init.go:694.11,695.13 1 0
github.com/changmin/c4-core/cmd/c4/init.go:697.4,698.33 2 1
github.com/changmin/c4-core/cmd/c4/init.go:698.33,700.12 2 1
github.com/changmin/c4-core/cmd/c4/init.go:700.12,701.14 1 0
github.com/changmin/c4-core/cmd/c4/init.go:703.5,704.56 2 1
github.com/changmin/c4-core/cmd/c4/init.go:704.56,706.6 1 1
github.com/changmin/c4-core/cmd/c4/init.go:707.5,707.34 1 1
github.com/changmin/c4-core/cmd/c4/init.go:707.34,716.6 6 1
github.com/changmin/c4-core/cmd/c4/init.go:721.3,721.34 1 1
github.com/changmin/c4-core/cmd/c4/init.go:721.34,723.11 2 0
github.com/changmin/c4-core/cmd/c4/init.go:723.11,724.13 1 0
github.com/changmin/c4-core/cmd/c4/init.go:726.4,726.38 1 0
github.com/changmin/c4-core/cmd/c4/init.go:726.38,727.13 1 0
github.com/changmin/c4-core/cmd/c4/init.go:729.4,732.10 4 0
github.com/changmin/c4-core/cmd/c4/init.go:736.3,740.30 2 1
github.com/changmin/c4-core/cmd/c4/init.go:745.2,758.18 5 1
github.com/changmin/c4-core/cmd/c4/init.go:758.18,760.3 1 1
github.com/changmin/c4-core/cmd/c4/init.go:761.2,763.37 3 1
github.com/changmin/c4-core/cmd/c4/init.go:763.37,765.3 1 1
github.com/changmin/c4-core/cmd/c4/init.go:766.2,766.81 1 1
github.com/changmin/c4-core/cmd/c4/init.go:766.81,768.31 2 1
github.com/changmin/c4-core/cmd/c4/init.go:768.31,769.44 1 1
github.com/changmin/c4-core/cmd/c4/init.go:769.44,771.10 2 1
github.com/changmin/c4-core/cmd/c4/init.go:774.3,774.13 1 1
github.com/changmin/c4-core/cmd/c4/init.go:774.13,776.4 1 1
github.com/changmin/c4-core/cmd/c4/init.go:778.2,782.59 3 1
github.com/changmin/c4-core/cmd/c4/init.go:782.59,784.3 1 0
github.com/changmin/c4-core/cmd/c4/init.go:785.2,786.23 2 1
github.com/changmin/c4-core/cmd/c4/init.go:786.23,788.3 1 0
github.com/changmin/c4-core/cmd/c4/init.go:789.2,792.19 3 1
github.com/changmin/c4-core/cmd/c4/init.go:792.19,794.3 1 0
github.com/changmin/c4-core/cmd/c4/init.go:795.2,796.48 2 1
github.com/changmin/c4-core/cmd/c4/init.go:796.48,800.3 3 0
github.com/changmin/c4-core/cmd/c4/init.go:801.2,801.42 1 1
github.com/changmin/c4-core/cmd/c4/init.go:801.42,804.3 2 0
github.com/changmin/c4-core/cmd/c4/init.go:805.2,805.59 1 1
github.com/changmin/c4-core/cmd/c4/init.go:805.59,808.3 2 0
github.com/changmin/c4-core/cmd/c4/init.go:809.2,812.12 3 1
github.com/changmin/c4-core/cmd/c4/init.go:816.41,818.16 2 1
github.com/changmin/c4-core/cmd/c4/init.go:818.16,820.3 1 0
github.com/changmin/c4-core/cmd/c4/init.go:821.2,822.16 2 1
github.com/changmin/c4-core/cmd/c4/init.go:822.16,824.3 1 0
github.com/changmin/c4-core/cmd/c4/init.go:826.2,827.62 2 1
github.com/changmin/c4-core/cmd/c4/init.go:827.62,829.3 1 1
github.com/changmin/c4-core/cmd/c4/init.go:829.8,829.36 1 1
github.com/changmin/c4-core/cmd/c4/init.go:829.36,831.3 1 0
github.com/changmin/c4-core/cmd/c4/init.go:832.2,840.19 7 1
github.com/changmin/c4-core/cmd/c4/init.go:840.19,843.3 2 1
github.com/changmin/c4-core/cmd/c4/init.go:844.2,847.68 3 1
github.com/changmin/c4-core/cmd/c4/init.go:847.68,849.3 1 0
github.com/changmin/c4-core/cmd/c4/init.go:850.2,850.79 1 1
github.com/changmin/c4-core/cmd/c4/init.go:850.79,852.3 1 0
github.com/changmin/c4-core/cmd/c4/init.go:854.2,854.13 1 1
github.com/changmin/c4-core/cmd/c4/init.go:854.13,856.3 1 1
github.com/changmin/c4-core/cmd/c4/init.go:856.8,858.3 1 1
github.com/changmin/c4-core/cmd/c4/init.go:859.2,859.12 1 1
github.com/changmin/c4-core/cmd/c4/init.go:862.40,863.51 1 1
github.com/changmin/c4-core/cmd/c4/init.go:863.51,865.3 1 1
github.com/changmin/c4-core/cmd/c4/init.go:866.2,867.16 2 1
github.com/changmin/c4-core/cmd/c4/init.go:867.16,869.3 1 0
github.com/changmin/c4-core/cmd/c4/init.go:870.2,870.58 1 1
github.com/changmin/c4-core/cmd/c4/init.go:873.48,881.2 2 1
github.com/changmin/c4-core/cmd/c4/init.go:883.53,884.19 1 1
github.com/changmin/c4-core/cmd/c4/init.go:884.19,886.3 1 1
github.com/changmin/c4-core/cmd/c4/init.go:887.2,891.29 4 1
github.com/changmin/c4-core/cmd/c4/init.go:891.29,893.16 2 1
github.com/changmin/c4-core/cmd/c4/init.go:893.16,894.25 1 1
github.com/changmin/c4-core/cmd/c4/init.go:894.25,896.13 2 1
github.com/changmin/c4-core/cmd/c4/init.go:898.4,899.12 2 1
github.com/changmin/c4-core/cmd/c4/init.go:903.3,904.38 1 1
github.com/changmin/c4-core/cmd/c4/init.go:904.38,907.4 2 1
github.com/changmin/c4-core/cmd/c4/init.go:910.2,910.32 1 1
github.com/changmin/c4-core/cmd/c4/init.go:914.41,916.16 2 1
github.com/changmin/c4-core/cmd/c4/init.go:916.16,919.3 2 0
github.com/changmin/c4-core/cmd/c4/init.go:921.2,923.16 3 1
github.com/changmin/c4-core/cmd/c4/init.go:923.16,925.3 1 0
github.com/changmin/c4-core/cmd/c4/init.go:927.2,928.59 2 1
github.com/changmin/c4-core/cmd/c4/init.go:928.59,930.3 1 0
github.com/changmin/c4-core/cmd/c4/init.go:932.2,933.32 2 1
github.com/changmin/c4-core/cmd/c4/init.go:933.32,934.20 1 1
github.com/changmin/c4-core/cmd/c4/init.go:934.20,935.12 1 0
github.com/changmin/c4-core/cmd/c4/init.go:937.3,938.73 2 1
github.com/changmin/c4-core/cmd/c4/init.go:938.73,939.12 1 1
github.com/changmin/c4-core/cmd/c4/init.go:941.3,942.45 2 1
github.com/changmin/c4-core/cmd/c4/init.go:942.45,943.12 1 0
github.com/changmin/c4-core/cmd/c4/init.go:945.3,946.52 2 1
github.com/changmin/c4-core/cmd/c4/init.go:946.52,948.12 2 0
github.com/changmin/c4-core/cmd/c4/init.go:950.3,950.10 1 1
github.com/changmin/c4-core/cmd/c4/init.go:952.2,952.15 1 1
github.com/changmin/c4-core/cmd/c4/init.go:952.15,954.3 1 1
github.com/changmin/c4-core/cmd/c4/init.go:954.8,956.3 1 0
github.com/changmin/c4-core/cmd/c4/init.go:957.2,957.12 1 1
github.com/changmin/c4-core/cmd/c4/init.go:963.35,965.53 1 1
github.com/changmin/c4-core/cmd/c4/init.go:965.53,966.22 1 1
github.com/changmin/c4-core/cmd/c4/init.go:966.22,968.4 1 1
github.com/changmin/c4-core/cmd/c4/init.go:972.2,972.53 1 1
github.com/changmin/c4-core/cmd/c4/init.go:972.53,974.3 1 1
github.com/changmin/c4-core/cmd/c4/init.go:977.2,977.47 1 1
github.com/changmin/c4-core/cmd/c4/init.go:977.47,978.84 1 1
github.com/changmin/c4-core/cmd/c4/init.go:978.84,980.23 2 1
github.com/changmin/c4-core/cmd/c4/init.go:980.23,982.5 1 1
github.com/changmin/c4-core/cmd/c4/init.go:987.2,987.49 1 1
github.com/changmin/c4-core/cmd/c4/init.go:987.49,988.64 1 1
github.com/changmin/c4-core/cmd/c4/init.go:988.64,991.23 2 1
github.com/changmin/c4-core/cmd/c4/init.go:991.23,993.5 1 0
github.com/changmin/c4-core/cmd/c4/init.go:997.2,997.51 1 1
github.com/changmin/c4-core/cmd/c4/init.go:1001.34,1004.2 2 1
github.com/changmin/c4-core/cmd/c4/init.go:1007.45,1009.53 2 1
github.com/changmin/c4-core/cmd/c4/init.go:1009.53,1011.3 1 0
github.com/changmin/c4-core/cmd/c4/init.go:1012.2,1015.16 3 1
github.com/changmin/c4-core/cmd/c4/init.go:1015.16,1017.3 1 0
github.com/changmin/c4-core/cmd/c4/init.go:1019.2,1029.59 3 1
github.com/changmin/c4-core/cmd/c4/init.go:1029.59,1030.43 1 0
github.com/changmin/c4-core/cmd/c4/init.go:1030.43,1033.4 2 0
github.com/changmin/c4-core/cmd/c4/init.go:1035.2,1035.19 1 1
github.com/changmin/c4-core/cmd/c4/init.go:1035.19,1037.3 1 1
github.com/changmin/c4-core/cmd/c4/init.go:1039.2,1040.20 2 1
github.com/changmin/c4-core/cmd/c4/init.go:1040.20,1042.3 1 1
github.com/changmin/c4-core/cmd/c4/init.go:1043.2,1047.16 4 1
github.com/changmin/c4-core/cmd/c4/init.go:1047.16,1049.3 1 0
github.com/changmin/c4-core/cmd/c4/init.go:1050.2,1052.58 2 1
github.com/changmin/c4-core/cmd/c4/init.go:1052.58,1054.3 1 0
github.com/changmin/c4-core/cmd/c4/init.go:1056.2,1057.12 2 1
github.com/changmin/c4-core/cmd/c4/init.go:1061.39,1065.16 3 1
github.com/changmin/c4-core/cmd/c4/init.go:1065.16,1067.3 1 0
github.com/changmin/c4-core/cmd/c4/init.go:1069.2,1080.59 3 1
github.com/changmin/c4-core/cmd/c4/init.go:1080.59,1082.43 2 1
github.com/changmin/c4-core/cmd/c4/init.go:1082.43,1085.4 2 0
github.com/changmin/c4-core/cmd/c4/init.go:1087.2,1087.19 1 1
github.com/changmin/c4-core/cmd/c4/init.go:1087.19,1089.3 1 1
github.com/changmin/c4-core/cmd/c4/init.go:1091.2,1092.9 2 1
github.com/changmin/c4-core/cmd/c4/init.go:1092.9,1094.3 1 1
github.com/changmin/c4-core/cmd/c4/init.go:1095.2,1099.16 4 1
github.com/changmin/c4-core/cmd/c4/init.go:1099.16,1101.3 1 0
github.com/changmin/c4-core/cmd/c4/init.go:1102.2,1104.58 2 1
github.com/changmin/c4-core/cmd/c4/init.go:1104.58,1106.3 1 0
github.com/changmin/c4-core/cmd/c4/init.go:1108.2,1109.12 2 1
github.com/changmin/c4-core/cmd/c4/init.go:1113.37,1115.16 2 1
github.com/changmin/c4-core/cmd/c4/init.go:1115.16,1117.17 2 1
github.com/changmin/c4-core/cmd/c4/init.go:1117.17,1119.4 1 1
github.com/changmin/c4-core/cmd/c4/init.go:1121.2,1121.47 1 0
github.com/changmin/c4-core/cmd/c4/init.go:1121.47,1123.3 1 0
github.com/changmin/c4-core/cmd/c4/init.go:1124.2,1124.58 1 0
github.com/changmin/c4-core/cmd/c4/init.go:1137.33,1140.2 2 1
github.com/changmin/c4-core/cmd/c4/init.go:1142.64,1144.24 2 1
github.com/changmin/c4-core/cmd/c4/init.go:1144.24,1146.3 1 1
github.com/changmin/c4-core/cmd/c4/init.go:1147.2,1147.16 1 1
github.com/changmin/c4-core/cmd/c4/init.go:1147.16,1149.3 1 0
github.com/changmin/c4-core/cmd/c4/init.go:1150.2,1151.49 2 1
github.com/changmin/c4-core/cmd/c4/init.go:1151.49,1153.3 1 0
github.com/changmin/c4-core/cmd/c4/init.go:1154.2,1154.15 1 1
github.com/changmin/c4-core/cmd/c4/init.go:1157.62,1159.59 2 1
github.com/changmin/c4-core/cmd/c4/init.go:1159.59,1161.3 1 0
github.com/changmin/c4-core/cmd/c4/init.go:1162.2,1163.16 2 1
github.com/changmin/c4-core/cmd/c4/init.go:1163.16,1165.3 1 0
github.com/changmin/c4-core/cmd/c4/init.go:1166.2,1166.36 1 1
github.com/changmin/c4-core/cmd/c4/init.go:1170.58,1172.16 2 1
github.com/changmin/c4-core/cmd/c4/init.go:1172.16,1174.3 1 0
github.com/changmin/c4-core/cmd/c4/init.go:1175.2,1176.16 2 1
github.com/changmin/c4-core/cmd/c4/init.go:1176.16,1178.3 1 0
github.com/changmin/c4-core/cmd/c4/init.go:1180.2,1181.68 2 1
github.com/changmin/c4-core/cmd/c4/init.go:1185.53,1188.28 3 1
github.com/changmin/c4-core/cmd/c4/init.go:1188.28,1189.58 1 1
github.com/changmin/c4-core/cmd/c4/init.go:1189.58,1191.4 1 1
github.com/changmin/c4-core/cmd/c4/init.go:1193.2,1193.10 1 1
github.com/changmin/c4-core/cmd/c4/init.go:1197.30,1200.2 2 0
github.com/changmin/c4-core/cmd/c4/init.go:1205.53,1207.16 2 0
github.com/changmin/c4-core/cmd/c4/init.go:1207.16,1209.3 1 0
github.com/changmin/c4-core/cmd/c4/init.go:1211.2,1212.16 2 0
github.com/changmin/c4-core/cmd/c4/init.go:1212.16,1214.3 1 0
github.com/changmin/c4-core/cmd/c4/init.go:1216.2,1217.16 2 0
github.com/changmin/c4-core/cmd/c4/init.go:1217.16,1219.3 1 0
github.com/changmin/c4-core/cmd/c4/init.go:1222.2,1223.37 2 0
github.com/changmin/c4-core/cmd/c4/init.go:1223.37,1225.55 2 0
github.com/changmin/c4-core/cmd/c4/init.go:1225.55,1227.4 1 0
github.com/changmin/c4-core/cmd/c4/init.go:1227.9,1230.4 2 0
github.com/changmin/c4-core/cmd/c4/init.go:1234.2,1234.6 1 0
github.com/changmin/c4-core/cmd/c4/init.go:1234.6,1238.24 3 0
github.com/changmin/c4-core/cmd/c4/init.go:1238.24,1241.4 2 0
github.com/changmin/c4-core/cmd/c4/init.go:1241.9,1243.4 1 0
github.com/changmin/c4-core/cmd/c4/init.go:1246.3,1247.24 2 0
github.com/changmin/c4-core/cmd/c4/init.go:1247.24,1249.4 1 0
github.com/changmin/c4-core/cmd/c4/init.go:1252.3,1253.24 2 0
github.com/changmin/c4-core/cmd/c4/init.go:1253.24,1255.4 1 0
github.com/changmin/c4-core/cmd/c4/init.go:1257.3,1265.24 7 0
github.com/changmin/c4-core/cmd/c4/init.go:1265.24,1267.29 2 0
github.com/changmin/c4-core/cmd/c4/init.go:1267.29,1268.46 1 0
github.com/changmin/c4-core/cmd/c4/init.go:1268.46,1270.11 2 0
github.com/changmin/c4-core/cmd/c4/init.go:1273.4,1273.25 1 0
github.com/changmin/c4-core/cmd/c4/init.go:1273.25,1282.63 3 0
github.com/changmin/c4-core/cmd/c4/init.go:1282.63,1284.6 1 0
github.com/changmin/c4-core/cmd/c4/init.go:1284.11,1286.6 1 0
github.com/changmin/c4-core/cmd/c4/init.go:1287.10,1289.5 1 0
github.com/changmin/c4-core/cmd/c4/init.go:1293.3,1293.54 1 0
github.com/changmin/c4-core/cmd/c4/init.go:1293.54,1296.12 3 0
github.com/changmin/c4-core/cmd/c4/init.go:1299.3,1299.8 1 0
github.com/changmin/c4-core/cmd/c4/init.go:1302.2,1302.12 1 0
github.com/changmin/c4-core/cmd/c4/init.go:1307.44,1309.54 1 1
github.com/changmin/c4-core/cmd/c4/init.go:1309.54,1311.3 1 1
github.com/changmin/c4-core/cmd/c4/init.go:1312.2,1313.16 2 1
github.com/changmin/c4-core/cmd/c4/init.go:1313.16,1315.3 1 0
github.com/changmin/c4-core/cmd/c4/init.go:1316.2,1317.16 2 1
github.com/changmin/c4-core/cmd/c4/init.go:1317.16,1319.3 1 1
github.com/changmin/c4-core/cmd/c4/init.go:1321.2,1328.28 3 0
github.com/changmin/c4-core/cmd/c4/init.go:1328.28,1329.58 1 0
github.com/changmin/c4-core/cmd/c4/init.go:1329.58,1330.12 1 0
github.com/changmin/c4-core/cmd/c4/init.go:1332.3,1333.17 2 0
github.com/changmin/c4-core/cmd/c4/init.go:1333.17,1334.12 1 0
github.com/changmin/c4-core/cmd/c4/init.go:1336.3,1343.31 5 0
github.com/changmin/c4-core/cmd/c4/init.go:1343.31,1345.4 1 0
github.com/changmin/c4-core/cmd/c4/init.go:1345.9,1347.4 1 0
github.com/changmin/c4-core/cmd/c4/init.go:1348.3,1348.28 1 0
github.com/changmin/c4-core/cmd/c4/init.go:1348.28,1350.4 1 0
github.com/changmin/c4-core/cmd/c4/init.go:1350.9,1352.4 1 0
github.com/changmin/c4-core/cmd/c4/init.go:1353.3,1353.24 1 0
github.com/changmin/c4-core/cmd/c4/init.go:1353.24,1355.4 1 0
github.com/changmin/c4-core/cmd/c4/init.go:1357.2,1357.18 1 0
github.com/changmin/c4-core/cmd/c4/init.go:1362.48,1364.16 2 1
github.com/changmin/c4-core/cmd/c4/init.go:1364.16,1366.3 1 1
github.com/changmin/c4-core/cmd/c4/init.go:1367.2,1371.61 3 1
github.com/changmin/c4-core/cmd/c4/init.go:1371.61,1373.3 1 0
github.com/changmin/c4-core/cmd/c4/init.go:1374.2,1375.33 2 1
github.com/changmin/c4-core/cmd/c4/init.go:1375.33,1377.3 1 1
github.com/changmin/c4-core/cmd/c4/init.go:1379.2,1380.39 2 1
github.com/changmin/c4-core/cmd/c4/init.go:1380.39,1382.17 2 1
github.com/changmin/c4-core/cmd/c4/init.go:1382.17,1383.12 1 0
github.com/changmin/c4-core/cmd/c4/init.go:1385.3,1388.83 2 1
github.com/changmin/c4-core/cmd/c4/init.go:1388.83,1389.73 1 1
github.com/changmin/c4-core/cmd/c4/init.go:1389.73,1391.5 1 1
github.com/changmin/c4-core/cmd/c4/init.go:1392.4,1392.69 1 0
github.com/changmin/c4-core/cmd/c4/init.go:1392.69,1394.5 1 0
github.com/changmin/c4-core/cmd/c4/init.go:1396.3,1396.8 1 1
github.com/changmin/c4-core/cmd/c4/init.go:1398.2,1398.20 1 1
github.com/changmin/c4-core/cmd/c4/init.go:1408.54,1410.17 2 1
github.com/changmin/c4-core/cmd/c4/init.go:1410.17,1412.4 1 0
github.com/changmin/c4-core/cmd/c4/init.go:1413.3,1413.25 1 1
github.com/changmin/c4-core/cmd/c4/init.go:1413.25,1416.4 2 0
github.com/changmin/c4-core/cmd/c4/init.go:1418.3,1419.20 2 1
github.com/changmin/c4-core/cmd/c4/init.go:1419.20,1421.4 1 1
github.com/changmin/c4-core/cmd/c4/init.go:1423.3,1424.53 2 1
github.com/changmin/c4-core/cmd/c4/init.go:1424.53,1425.103 1 1
github.com/changmin/c4-core/cmd/c4/init.go:1425.103,1428.5 2 1
github.com/changmin/c4-core/cmd/c4/init.go:1431.3,1432.27 2 1
github.com/changmin/c4-core/cmd/c4/init.go:1432.27,1434.4 1 1
github.com/changmin/c4-core/cmd/c4/init.go:1435.3,1435.37 1 1
github.com/changmin/c4-core/cmd/c4/init.go:1435.37,1436.40 1 1
github.com/changmin/c4-core/cmd/c4/init.go:1436.40,1437.28 1 1
github.com/changmin/c4-core/cmd/c4/init.go:1437.28,1439.6 1 0
github.com/changmin/c4-core/cmd/c4/init.go:1442.3,1442.27 1 1
github.com/changmin/c4-core/cmd/c4/init.go:1442.27,1446.19 4 1
github.com/changmin/c4-core/cmd/c4/init.go:1446.19,1448.5 1 1
github.com/changmin/c4-core/cmd/c4/init.go:1449.4,1450.54 2 1
github.com/changmin/c4-core/cmd/c4/init.go:1450.54,1452.5 1 1
github.com/changmin/c4-core/cmd/c4/init.go:1453.4,1454.46 2 1
github.com/changmin/c4-core/cmd/c4/init.go:1454.46,1456.5 1 0
github.com/changmin/c4-core/cmd/c4/init.go:1457.4,1457.17 1 1
github.com/changmin/c4-core/cmd/c4/init.go:1457.17,1458.65 1 1
github.com/changmin/c4-core/cmd/c4/init.go:1458.65,1460.6 1 1
github.com/changmin/c4-core/cmd/c4/init.go:1462.4,1463.18 2 1
github.com/changmin/c4-core/cmd/c4/init.go:1463.18,1465.5 1 1
github.com/changmin/c4-core/cmd/c4/init.go:1466.4,1468.24 2 1
github.com/changmin/c4-core/cmd/c4/init.go:1468.24,1470.5 1 0
github.com/changmin/c4-core/cmd/c4/init.go:1472.3,1472.13 1 1
github.com/changmin/c4-core/cmd/c4/init.go:1493.54,1496.17 3 0
github.com/changmin/c4-core/cmd/c4/init.go:1496.17,1498.4 1 0
github.com/changmin/c4-core/cmd/c4/init.go:1499.3,1499.17 1 0
github.com/changmin/c4-core/cmd/c4/init.go:1499.17,1501.4 1 0
github.com/changmin/c4-core/cmd/c4/init.go:1502.3,1503.17 2 0
github.com/changmin/c4-core/cmd/c4/init.go:1503.17,1505.4 1 0
github.com/changmin/c4-core/cmd/c4/init.go:1507.3,1507.66 1 0
github.com/changmin/c4-core/cmd/c4/init.go:1507.66,1508.25 1 0
github.com/changmin/c4-core/cmd/c4/init.go:1508.25,1513.39 5 0
github.com/changmin/c4-core/cmd/c4/init.go:1513.39,1516.6 2 0
github.com/changmin/c4-core/cmd/c4/init.go:1520.3,1521.30 2 0
github.com/changmin/c4-core/cmd/c4/init.go:1521.30,1522.22 1 0
github.com/changmin/c4-core/cmd/c4/init.go:1522.22,1526.10 4 0
github.com/changmin/c4-core/cmd/c4/init.go:1529.3,1529.28 1 0
github.com/changmin/c4-core/cmd/c4/init.go:1529.28,1531.4 1 0
github.com/changmin/c4-core/cmd/c4/init.go:1533.3,1533.21 1 0
github.com/changmin/c4-core/cmd/c4/init.go:1533.21,1534.80 1 0
github.com/changmin/c4-core/cmd/c4/init.go:1534.80,1536.5 1 0
github.com/changmin/c4-core/cmd/c4/init.go:1538.3,1545.53 2 0
github.com/changmin/c4-core/cmd/c4/init.go:1545.53,1547.4 1 0
github.com/changmin/c4-core/cmd/c4/init.go:1548.3,1550.13 3 0
github.com/changmin/c4-core/cmd/c4/init.go:1558.54,1561.17 3 0
github.com/changmin/c4-core/cmd/c4/init.go:1561.17,1563.4 1 0
github.com/changmin/c4-core/cmd/c4/init.go:1564.3,1565.10 2 0
github.com/changmin/c4-core/cmd/c4/init.go:1565.10,1567.4 1 0
github.com/changmin/c4-core/cmd/c4/init.go:1568.3,1570.53 3 0
github.com/changmin/c4-core/cmd/c4/init.go:1570.53,1572.4 1 0
github.com/changmin/c4-core/cmd/c4/init.go:1573.3,1574.13 2 0
github.com/changmin/c4-core/cmd/c4/init.go:1578.13,1582.2 3 1
github.com/changmin/c4-core/cmd/c4/init.go:1588.54,1591.17 3 0
github.com/changmin/c4-core/cmd/c4/init.go:1591.17,1593.4 1 0
github.com/changmin/c4-core/cmd/c4/init.go:1594.3,1594.35 1 0
github.com/changmin/c4-core/cmd/c4/init.go:1594.35,1596.4 1 0
github.com/changmin/c4-core/cmd/c4/init.go:1597.3,1598.53 2 0
github.com/changmin/c4-core/cmd/c4/init.go:1598.53,1600.4 1 0
github.com/changmin/c4-core/cmd/c4/init.go:1601.3,1602.13 2 0
github.com/changmin/c4-core/cmd/c4/init.go:1612.39,1613.13 1 1
github.com/changmin/c4-core/cmd/c4/init.go:1613.13,1615.3 1 1
github.com/changmin/c4-core/cmd/c4/init.go:1617.2,1618.19 2 1
github.com/changmin/c4-core/cmd/c4/init.go:1618.19,1620.17 2 0
github.com/changmin/c4-core/cmd/c4/init.go:1620.17,1622.4 1 0
github.com/changmin/c4-core/cmd/c4/init.go:1623.3,1623.61 1 0
github.com/changmin/c4-core/cmd/c4/init.go:1625.2,1626.16 2 1
github.com/changmin/c4-core/cmd/c4/init.go:1626.16,1628.42 2 1
github.com/changmin/c4-core/cmd/c4/init.go:1628.42,1631.4 1 0
github.com/changmin/c4-core/cmd/c4/init.go:1635.2,1636.16 2 1
[...]
github.com/changmin/c4-core/internal/serve/stale_checker.go:93.21,96.3 2 1
github.com/changmin/c4-core/internal/serve/stale_checker.go:97.2,97.21 1 1
github.com/changmin/c4-core/internal/serve/stale_checker.go:97.21,100.3 2 1
github.com/changmin/c4-core/internal/serve/stale_checker.go:101.2,101.12 1 1
github.com/changmin/c4-core/internal/serve/stale_checker.go:106.58,110.16 3 1
github.com/changmin/c4-core/internal/serve/stale_checker.go:110.16,112.3 1 1
github.com/changmin/c4-core/internal/serve/stale_checker.go:113.2,113.38 1 1
github.com/changmin/c4-core/internal/serve/stale_checker.go:117.58,118.15 1 1
github.com/changmin/c4-core/internal/serve/stale_checker.go:118.15,119.31 1 1
github.com/changmin/c4-core/internal/serve/stale_checker.go:119.31,121.4 1 0
github.com/changmin/c4-core/internal/serve/stale_checker.go:123.2,126.6 3 1
github.com/changmin/c4-core/internal/serve/stale_checker.go:126.6,127.10 1 1
github.com/changmin/c4-core/internal/serve/stale_checker.go:128.21,129.10 1 1
github.com/changmin/c4-core/internal/serve/stale_checker.go:130.19,131.13 1 1
github.com/changmin/c4-core/internal/serve/stale_checker.go:137.41,139.16 2 1
github.com/changmin/c4-core/internal/serve/stale_checker.go:139.16,142.3 2 1
github.com/changmin/c4-core/internal/serve/stale_checker.go:144.2,144.26 1 1
github.com/changmin/c4-core/internal/serve/stale_checker.go:144.26,145.49 1 1
github.com/changmin/c4-core/internal/serve/stale_checker.go:145.49,147.12 2 1
github.com/changmin/c4-core/internal/serve/stale_checker.go:149.3,151.19 2 1
github.com/changmin/c4-core/internal/serve/stale_checker.go:151.19,158.4 2 1
github.com/changmin/c4-core/internal/session/monitor.go:43.42,47.16 2 1
github.com/changmin/c4-core/internal/session/monitor.go:47.16,49.3 1 0
github.com/changmin/c4-core/internal/session/monitor.go:51.2,59.8 4 1
github.com/changmin/c4-core/internal/session/monitor.go:64.33,65.53 1 1
github.com/changmin/c4-core/internal/session/monitor.go:65.53,67.3 1 0
github.com/changmin/c4-core/internal/session/monitor.go:69.2,76.16 3 1
github.com/changmin/c4-core/internal/session/monitor.go:76.16,78.3 1 0
github.com/changmin/c4-core/internal/session/monitor.go:80.2,81.59 2 1
github.com/changmin/c4-core/internal/session/monitor.go:81.59,83.3 1 0
github.com/changmin/c4-core/internal/session/monitor.go:85.2,85.12 1 1
github.com/changmin/c4-core/internal/session/monitor.go:90.32,93.39 3 1
github.com/changmin/c4-core/internal/session/monitor.go:93.39,95.3 1 0
github.com/changmin/c4-core/internal/session/monitor.go:96.2,96.12 1 1
github.com/changmin/c4-core/internal/session/monitor.go:101.37,103.16 2 1
github.com/changmin/c4-core/internal/session/monitor.go:103.16,106.3 1 0
github.com/changmin/c4-core/internal/session/monitor.go:108.2,109.32 2 1
github.com/changmin/c4-core/internal/session/monitor.go:109.32,111.40 2 1
github.com/changmin/c4-core/internal/session/monitor.go:111.40,112.12 1 0
github.com/changmin/c4-core/internal/session/monitor.go:115.3,117.17 3 1
github.com/changmin/c4-core/internal/session/monitor.go:117.17,119.12 1 0
github.com/changmin/c4-core/internal/session/monitor.go:122.3,122.19 1 1
github.com/changmin/c4-core/internal/session/monitor.go:122.19,124.4 1 1
github.com/changmin/c4-core/internal/session/monitor.go:124.9,127.4 1 1
github.com/changmin/c4-core/internal/session/monitor.go:130.2,130.14 1 1
github.com/changmin/c4-core/internal/session/monitor.go:134.41,136.2 1 1
github.com/changmin/c4-core/internal/session/monitor.go:140.28,142.16 2 1
github.com/changmin/c4-core/internal/session/monitor.go:142.16,144.3 1 0
github.com/changmin/c4-core/internal/session/monitor.go:145.2,146.16 2 1
github.com/changmin/c4-core/internal/session/monitor.go:146.16,148.3 1 1
github.com/changmin/c4-core/internal/session/monitor.go:150.2,150.68 1 1
github.com/changmin/c4-core/internal/session/monitor.go:150.68,152.3 1 1
github.com/changmin/c4-core/internal/session/monitor.go:153.2,153.14 1 1
github.com/changmin/c4-core/internal/state/machine.go:100.47,103.2 1 0
github.com/changmin/c4-core/internal/state/machine.go:110.50,112.2 1 0
github.com/changmin/c4-core/internal/state/machine.go:141.38,143.2 1 1
github.com/changmin/c4-core/internal/state/machine.go:146.41,148.2 1 1
github.com/changmin/c4-core/internal/state/machine.go:151.54,158.2 2 1
github.com/changmin/c4-core/internal/state/machine.go:162.70,169.26 3 1
github.com/changmin/c4-core/internal/state/machine.go:169.26,176.3 2 1
github.com/changmin/c4-core/internal/state/machine.go:177.2,177.16 1 1
github.com/changmin/c4-core/internal/state/machine.go:177.16,179.3 1 0
github.com/changmin/c4-core/internal/state/machine.go:181.2,182.66 2 1
github.com/changmin/c4-core/internal/state/machine.go:182.66,184.3 1 0
github.com/changmin/c4-core/internal/state/machine.go:186.2,187.21 2 1
github.com/changmin/c4-core/internal/state/machine.go:191.52,192.20 1 1
github.com/changmin/c4-core/internal/state/machine.go:192.20,194.3 1 0
github.com/changmin/c4-core/internal/state/machine.go:195.2,197.11 3 1
github.com/changmin/c4-core/internal/state/machine.go:211.67,212.20 1 1
github.com/changmin/c4-core/internal/state/machine.go:212.20,214.3 1 0
github.com/changmin/c4-core/internal/state/machine.go:216.2,221.16 5 1
github.com/changmin/c4-core/internal/state/machine.go:221.16,223.3 1 0
github.com/changmin/c4-core/internal/state/machine.go:224.2,229.67 2 1
github.com/changmin/c4-core/internal/state/machine.go:229.67,231.3 1 0
github.com/changmin/c4-core/internal/state/machine.go:232.2,233.15 2 1
github.com/changmin/c4-core/internal/state/machine.go:233.15,234.17 1 1
github.com/changmin/c4-core/internal/state/machine.go:234.17,236.4 1 1
github.com/changmin/c4-core/internal/state/machine.go:240.2,245.44 3 1
github.com/changmin/c4-core/internal/state/machine.go:245.44,247.3 1 0
github.com/changmin/c4-core/internal/state/machine.go:250.2,251.28 2 1
github.com/changmin/c4-core/internal/state/machine.go:251.28,253.3 1 0
github.com/changmin/c4-core/internal/state/machine.go:253.8,255.77 2 1
github.com/changmin/c4-core/internal/state/machine.go:255.77,257.4 1 0
github.com/changmin/c4-core/internal/state/machine.go:258.3,258.28 1 1
github.com/changmin/c4-core/internal/state/machine.go:263.2,263.32 1 1
github.com/changmin/c4-core/internal/state/machine.go:263.32,266.3 1 1
github.com/changmin/c4-core/internal/state/machine.go:269.2,271.9 3 1
github.com/changmin/c4-core/internal/state/machine.go:271.9,274.3 1 1
github.com/changmin/c4-core/internal/state/machine.go:277.2,283.32 3 1
github.com/changmin/c4-core/internal/state/machine.go:283.32,285.3 1 1
github.com/changmin/c4-core/internal/state/machine.go:288.2,289.16 2 1
github.com/changmin/c4-core/internal/state/machine.go:289.16,291.3 1 0
github.com/changmin/c4-core/internal/state/machine.go:293.2,298.16 2 1
github.com/changmin/c4-core/internal/state/machine.go:298.16,300.3 1 0
github.com/changmin/c4-core/internal/state/machine.go:302.2,302.58 1 1
github.com/changmin/c4-core/internal/state/machine.go:302.58,304.3 1 0
github.com/changmin/c4-core/internal/state/machine.go:305.2,310.23 3 1
github.com/changmin/c4-core/internal/state/machine.go:314.51,316.31 2 1
github.com/changmin/c4-core/internal/state/machine.go:316.31,317.25 1 1
github.com/changmin/c4-core/internal/state/machine.go:317.25,319.4 1 1
github.com/changmin/c4-core/internal/state/machine.go:321.2,321.15 1 1
github.com/changmin/c4-core/internal/state/machine.go:326.71,329.9 3 0
github.com/changmin/c4-core/internal/state/machine.go:329.9,331.3 1 0
github.com/changmin/c4-core/internal/state/machine.go:332.2,332.15 1 0
github.com/changmin/c4-core/internal/state/machine.go:337.37,338.20 1 1
github.com/changmin/c4-core/internal/state/machine.go:338.20,340.3 1 0
github.com/changmin/c4-core/internal/state/machine.go:342.2,343.16 2 1
github.com/changmin/c4-core/internal/state/machine.go:343.16,345.3 1 0
github.com/changmin/c4-core/internal/state/machine.go:347.2,352.16 2 1
github.com/changmin/c4-core/internal/state/machine.go:352.16,354.3 1 0
github.com/changmin/c4-core/internal/state/machine.go:356.2,356.12 1 1
github.com/changmin/c4-core/internal/state/phase_lock.go:60.50,62.2 1 1
github.com/changmin/c4-core/internal/state/phase_lock.go:65.41,67.2 1 1
github.com/changmin/c4-core/internal/state/phase_lock.go:70.54,72.2 1 1
github.com/changmin/c4-core/internal/state/phase_lock.go:78.36,80.2 1 1
github.com/changmin/c4-core/internal/state/phase_lock.go:82.62,83.24 1 1
github.com/changmin/c4-core/internal/state/phase_lock.go:83.24,91.3 1 0
github.com/changmin/c4-core/internal/state/phase_lock.go:92.2,92.56 1 1
github.com/changmin/c4-core/internal/state/phase_lock.go:92.56,100.3 1 0
github.com/changmin/c4-core/internal/state/phase_lock.go:102.2,105.52 2 1
github.com/changmin/c4-core/internal/state/phase_lock.go:105.52,107.65 2 1
github.com/changmin/c4-core/internal/state/phase_lock.go:107.65,109.30 1 1
github.com/changmin/c4-core/internal/state/phase_lock.go:109.30,126.5 3 1
github.com/changmin/c4-core/internal/state/phase_lock.go:128.4,128.27 1 1
github.com/changmin/c4-core/internal/state/phase_lock.go:133.2,145.16 5 1
github.com/changmin/c4-core/internal/state/phase_lock.go:145.16,153.3 1 0
github.com/changmin/c4-core/internal/state/phase_lock.go:155.2,155.59 1 1
github.com/changmin/c4-core/internal/state/phase_lock.go:155.59,163.3 1 0
github.com/changmin/c4-core/internal/state/phase_lock.go:165.2,165.40 1 1
github.com/changmin/c4-core/internal/state/phase_lock.go:170.51,171.24 1 1
github.com/changmin/c4-core/internal/state/phase_lock.go:171.24,173.3 1 0
github.com/changmin/c4-core/internal/state/phase_lock.go:174.2,176.41 3 1
github.com/changmin/c4-core/internal/state/phase_lock.go:187.58,190.32 2 1
github.com/changmin/c4-core/internal/state/phase_lock.go:190.32,193.17 2 1
github.com/changmin/c4-core/internal/state/phase_lock.go:193.17,196.4 1 0
github.com/changmin/c4-core/internal/state/phase_lock.go:197.3,198.20 2 1
github.com/changmin/c4-core/internal/state/phase_lock.go:198.20,201.4 1 1
github.com/changmin/c4-core/internal/state/phase_lock.go:203.3,203.30 1 1
github.com/changmin/c4-core/internal/state/phase_lock.go:203.30,206.4 1 1
github.com/changmin/c4-core/internal/state/phase_lock.go:208.3,208.15 1 0
github.com/changmin/c4-core/internal/state/phase_lock.go:212.2,213.36 2 1
github.com/changmin/c4-core/internal/state/phase_lock.go:213.36,216.3 1 1
github.com/changmin/c4-core/internal/state/phase_lock.go:218.2,218.14 1 1
github.com/changmin/c4-core/internal/state/phase_lock.go:225.38,226.16 1 1
github.com/changmin/c4-core/internal/state/phase_lock.go:226.16,228.3 1 0
github.com/changmin/c4-core/internal/state/phase_lock.go:230.2,230.42 1 1
github.com/changmin/c4-core/internal/state/phase_lock.go:230.42,232.3 1 0
github.com/changmin/c4-core/internal/state/phase_lock.go:235.2,235.54 1 1
github.com/changmin/c4-core/internal/task/models.go:76.38,78.14 2 1
github.com/changmin/c4-core/internal/task/models.go:78.14,80.3 1 0
github.com/changmin/c4-core/internal/task/models.go:82.2,82.9 1 1
github.com/changmin/c4-core/internal/task/models.go:83.36,85.41 2 1
github.com/changmin/c4-core/internal/task/models.go:85.41,87.4 1 1
github.com/changmin/c4-core/internal/task/models.go:88.3,88.13 1 1
github.com/changmin/c4-core/internal/task/models.go:89.35,90.71 1 1
github.com/changmin/c4-core/internal/task/models.go:91.37,92.73 1 1
github.com/changmin/c4-core/internal/task/models.go:93.36,94.72 1 1
github.com/changmin/c4-core/internal/task/models.go:95.35,96.71 1 1
github.com/changmin/c4-core/internal/task/models.go:97.10,98.54 1 1
github.com/changmin/c4-core/internal/task/models.go:102.70,103.16 1 1
github.com/changmin/c4-core/internal/task/models.go:103.16,105.3 1 1
github.com/changmin/c4-core/internal/task/models.go:108.2,108.50 1 1
github.com/changmin/c4-core/internal/task/models.go:108.50,111.28 3 1
github.com/changmin/c4-core/internal/task/models.go:111.28,112.44 1 1
github.com/changmin/c4-core/internal/task/models.go:112.44,114.5 1 1
github.com/changmin/c4-core/internal/task/models.go:115.4,115.14 1 1
github.com/changmin/c4-core/internal/task/models.go:120.2,120.37 1 1
github.com/changmin/c4-core/internal/task/models.go:120.37,122.3 1 1
github.com/changmin/c4-core/internal/task/models.go:123.2,123.59 1 1
github.com/changmin/c4-core/internal/task/models.go:126.30,127.13 1 1
github.com/changmin/c4-core/internal/task/models.go:127.13,129.3 1 0
github.com/changmin/c4-core/internal/task/models.go:130.2,130.22 1 1
github.com/changmin/c4-core/internal/task/models.go:130.22,131.25 1 1
github.com/changmin/c4-core/internal/task/models.go:131.25,133.4 1 0
github.com/changmin/c4-core/internal/task/models.go:135.2,135.13 1 1
github.com/changmin/c4-core/internal/task/models.go:139.92,141.14 2 1
github.com/changmin/c4-core/internal/task/models.go:141.14,143.3 1 0
github.com/changmin/c4-core/internal/task/models.go:145.2,145.9 1 1
github.com/changmin/c4-core/internal/task/models.go:146.36,148.19 2 1
github.com/changmin/c4-core/internal/task/models.go:148.19,150.4 1 0
github.com/changmin/c4-core/internal/task/models.go:151.3,151.51 1 1
github.com/changmin/c4-core/internal/task/models.go:152.36,153.52 1 1
github.com/changmin/c4-core/internal/task/models.go:154.37,155.61 1 1
github.com/changmin/c4-core/internal/task/models.go:156.35,157.51 1 1
github.com/changmin/c4-core/internal/task/models.go:158.35,159.59 1 1
github.com/changmin/c4-core/internal/task/models.go:160.10,161.39 1 0
github.com/changmin/c4-core/internal/task/models.go:165.133,168.16 3 1
github.com/changmin/c4-core/internal/task/models.go:168.16,170.3 1 0
github.com/changmin/c4-core/internal/task/models.go:172.2,174.50 3 1
github.com/changmin/c4-core/internal/task/models.go:174.50,177.28 3 1
github.com/changmin/c4-core/internal/task/models.go:177.28,178.55 1 1
github.com/changmin/c4-core/internal/task/models.go:178.55,181.5 2 1
github.com/changmin/c4-core/internal/task/models.go:184.2,184.86 1 1
github.com/changmin/c4-core/internal/task/models.go:188.50,190.2 1 1
github.com/changmin/c4-core/internal/task/models.go:193.70,195.2 1 0
github.com/changmin/c4-core/internal/worker/shutdown.go:17.59,23.16 2 1
github.com/changmin/c4-core/internal/worker/shutdown.go:23.16,25.3 1 0
github.com/changmin/c4-core/internal/worker/shutdown.go:26.2,26.36 1 1
github.com/changmin/c4-core/internal/worker/shutdown.go:30.68,36.2 2 1
github.com/changmin/c4-core/internal/worker/shutdown.go:40.71,46.16 3 1
github.com/changmin/c4-core/internal/worker/shutdown.go:46.16,48.3 1 1
github.com/changmin/c4-core/internal/worker/shutdown.go:49.2,49.21 1 1
github.com/changmin/c4-core/test/archtest/helpers.go:52.50,53.22 1 1
github.com/changmin/c4-core/test/archtest/helpers.go:53.22,56.3 2 1
github.com/changmin/c4-core/test/archtest/helpers.go:58.2,58.27 1 1
github.com/changmin/c4-core/test/archtest/helpers.go:58.27,60.3 1 0
github.com/changmin/c4-core/test/archtest/helpers.go:61.2,61.19 1 1
github.com/changmin/c4-core/test/archtest/helpers.go:64.44,72.28 3 1
github.com/changmin/c4-core/test/archtest/helpers.go:72.28,73.80 1 1
github.com/changmin/c4-core/test/archtest/helpers.go:73.80,74.18 1 1
github.com/changmin/c4-core/test/archtest/helpers.go:74.18,76.5 1 0
github.com/changmin/c4-core/test/archtest/helpers.go:77.4,77.17 1 1
github.com/changmin/c4-core/test/archtest/helpers.go:77.17,79.5 1 1
github.com/changmin/c4-core/test/archtest/helpers.go:80.4,80.14 1 1
github.com/changmin/c4-core/test/archtest/helpers.go:84.2,85.27 2 1
github.com/changmin/c4-core/test/archtest/helpers.go:85.27,87.18 2 1
github.com/changmin/c4-core/test/archtest/helpers.go:87.18,89.4 1 1
github.com/changmin/c4-core/test/archtest/helpers.go:91.2,91.13 1 1
github.com/changmin/c4-core/test/archtest/helpers.go:95.49,97.16 2 1
github.com/changmin/c4-core/test/archtest/helpers.go:97.16,99.3 1 0
github.com/changmin/c4-core/test/archtest/helpers.go:101.2,104.28 3 1
github.com/changmin/c4-core/test/archtest/helpers.go:104.28,105.55 1 1
github.com/changmin/c4-core/test/archtest/helpers.go:105.55,106.12 1 1
github.com/changmin/c4-core/test/archtest/helpers.go:108.3,110.16 3 1
github.com/changmin/c4-core/test/archtest/helpers.go:110.16,111.12 1 0
github.com/changmin/c4-core/test/archtest/helpers.go:113.3,114.34 2 1
github.com/changmin/c4-core/test/archtest/helpers.go:114.34,116.4 1 1
github.com/changmin/c4-core/test/archtest/helpers.go:119.2,119.21 1 1
github.com/changmin/c4-core/test/archtest/helpers.go:119.21,121.3 1 1
github.com/changmin/c4-core/test/archtest/helpers.go:124.2,125.16 2 1
github.com/changmin/c4-core/test/archtest/helpers.go:125.16,127.3 1 0
github.com/changmin/c4-core/test/archtest/helpers.go:129.2,135.3 2 1
github.com/changmin/c4-core/test/archtest/helpers.go:140.39,143.16 3 1
github.com/changmin/c4-core/test/archtest/helpers.go:143.16,146.3 1 0
github.com/changmin/c4-core/test/archtest/helpers.go:148.2,151.32 2 1
github.com/changmin/c4-core/test/archtest/helpers.go:151.32,154.3 2 1
github.com/changmin/c4-core/test/archtest/helpers.go:157.2,157.31 1 1
github.com/changmin/c4-core/test/archtest/helpers.go:157.31,158.27 1 1
github.com/changmin/c4-core/test/archtest/helpers.go:159.21,160.33 1 1
github.com/changmin/c4-core/test/archtest/helpers.go:160.33,161.29 1 1
github.com/changmin/c4-core/test/archtest/helpers.go:162.24,163.27 1 1
github.com/changmin/c4-core/test/archtest/helpers.go:164.30,165.57 1 1
github.com/changmin/c4-core/test/archtest/helpers.go:166.27,167.51 1 1
github.com/changmin/c4-core/test/archtest/helpers.go:171.22,174.21 2 1
github.com/changmin/c4-core/test/archtest/helpers.go:174.21,175.47 1 1
github.com/changmin/c4-core/test/archtest/helpers.go:175.47,177.13 2 1
github.com/changmin/c4-core/test/archtest/helpers.go:177.13,179.7 1 1
github.com/changmin/c4-core/test/archtest/helpers.go:180.6,181.19 2 1
github.com/changmin/c4-core/test/archtest/helpers.go:181.19,183.7 1 1
github.com/changmin/c4-core/test/archtest/helpers.go:184.6,184.17 1 1
github.com/changmin/c4-core/test/archtest/helpers.go:190.2,190.11 1 1
github.com/changmin/c4-core/test/archtest/helpers.go:195.76,197.9 2 1
github.com/changmin/c4-core/test/archtest/helpers.go:197.9,199.3 1 1
github.com/changmin/c4-core/test/archtest/helpers.go:200.2,201.9 2 1
github.com/changmin/c4-core/test/archtest/helpers.go:201.9,203.3 1 1
github.com/changmin/c4-core/test/archtest/helpers.go:205.2,208.9 3 1
github.com/changmin/c4-core/test/archtest/helpers.go:209.38,213.4 1 1
github.com/changmin/c4-core/test/archtest/helpers.go:214.38,217.33 2 1
github.com/changmin/c4-core/test/archtest/helpers.go:217.33,219.47 2 1
github.com/changmin/c4-core/test/archtest/helpers.go:219.47,221.10 2 1
github.com/changmin/c4-core/test/archtest/helpers.go:224.3,227.4 1 1
github.com/changmin/c4-core/test/archtest/helpers.go:229.2,229.12 1 1
github.com/changmin/c4-core/test/archtest/helpers.go:233.40,236.16 3 1
github.com/changmin/c4-core/test/archtest/helpers.go:236.16,238.3 1 0
github.com/changmin/c4-core/test/archtest/helpers.go:239.2,242.21 3 1
github.com/changmin/c4-core/test/archtest/helpers.go:242.21,244.41 2 1
github.com/changmin/c4-core/test/archtest/helpers.go:244.41,246.4 1 1
github.com/changmin/c4-core/test/archtest/helpers.go:248.2,248.11 1 0
github.com/changmin/c4-core/test/archtest/helpers.go:255.36,259.52 2 1
github.com/changmin/c4-core/test/archtest/helpers.go:259.52,260.67 1 0
github.com/changmin/c4-core/test/archtest/helpers.go:260.67,262.4 1 0
github.com/changmin/c4-core/test/archtest/helpers.go:266.2,267.9 2 1
github.com/changmin/c4-core/test/archtest/helpers.go:267.9,269.3 1 0
github.com/changmin/c4-core/test/archtest/helpers.go:271.2,272.6 2 1
github.com/changmin/c4-core/test/archtest/helpers.go:272.6,273.66 1 1
github.com/changmin/c4-core/test/archtest/helpers.go:273.66,275.4 1 1
github.com/changmin/c4-core/test/archtest/helpers.go:276.3,277.20 2 1
github.com/changmin/c4-core/test/archtest/helpers.go:277.20,278.9 1 0
github.com/changmin/c4-core/test/archtest/helpers.go:280.3,280.15 1 1
github.com/changmin/c4-core/test/archtest/helpers.go:283.2,284.11 2 0
